#
# A fatal error has been detected by the Java Runtime Environment:
#
#  EXCEPTION_ACCESS_VIOLATION (0xc0000005) at pc=0x000002aaf952ae50, pid=113784, tid=113972
#
# JRE version: OpenJDK Runtime Environment Temurin-21.0.4+7 (21.0.4+7) (build 21.0.4+7-LTS)
# Java VM: OpenJDK 64-Bit Server VM Temurin-21.0.4+7 (21.0.4+7-LTS, mixed mode, emulated-client, tiered, compressed oops, compressed class ptrs, g1 gc, windows-amd64)
# Problematic frame:
# v  ~BufferBlob::MethodHandles adapters 0x000002aaf952ae50
#
# No core dump will be written. Minidumps are not enabled by default on client versions of Windows
#
# If you would like to submit a bug report, please visit:
#   https://github.com/adoptium/adoptium-support/issues
#

---------------  S U M M A R Y ------------

Command Line: -XX:+ShowCodeDetailsInExceptionMessages -agentlib:jdwp=transport=dt_socket,suspend=y,address=localhost:50593 -Dcom.sun.management.jmxremote -Dcom.sun.management.jmxremote.port=50592 -Dcom.sun.management.jmxremote.authenticate=false -Dcom.sun.management.jmxremote.ssl=false -Djava.rmi.server.hostname=localhost -Dspring.jmx.enabled=true -Dmanagement.endpoints.jmx.exposure.include=* -Dspring.application.admin.enabled=true -XX:TieredStopAtLevel=1 -Dspring.boot.project.name=operaciones -javaagent:E:\Programs File\sts-4.26.0.RELEASE\configuration\org.eclipse.osgi\271\0\.cp\lib\javaagent-shaded.jar -Dfile.encoding=UTF-8 -Dstdout.encoding=UTF-8 -Dstderr.encoding=UTF-8 ec.com.saviasoft.operaciones.OperacionesApplication --spring.output.ansi.enabled=always

Host: AMD Ryzen 7 7800X3D 8-Core Processor           , 16 cores, 31G,  Windows 11 , 64 bit Build 22621 (10.0.22621.4830)
Time: Thu Feb 13 08:48:14 2025 Hora est. Pacífico, Sudamérica elapsed time: 56.080515 seconds (0d 0h 0m 56s)

---------------  T H R E A D  ---------------

Current thread (0x000002aaf59fc280):  JavaThread "main"             [_thread_in_Java, id=113972, stack(0x000000b32c000000,0x000000b32c100000) (1024K)]

Stack: [0x000000b32c000000,0x000000b32c100000],  sp=0x000000b32c0fe458,  free space=1017k
Native frames: (J=compiled Java code, j=interpreted, Vv=VM code, C=native code)
C  0x000002aaf952ae50

The last pc belongs to _linkToSpecial (printed below).

siginfo: EXCEPTION_ACCESS_VIOLATION (0xc0000005), reading address 0xffffffffffffffff


Registers:
RAX=0x000002aaf94f9086, RBX=0xc3c8aa3100000000, RCX=0x000000b32c0fe460, RDX=0x0000000000000002
RSP=0x000000b32c0fe458, RBP=0x000000b32c0fe4a8, RSI=0x000002aa914db388, RDI=0x000002aa90439810
R8 =0x0000000000000002, R9 =0x0000000000000002, R10=0x00007ffe67477040, R11=0x000002aa8a3ecce0
R12=0x0000000000000000, R13=0x000000b32c0fe458, R14=0x000000b32c0fe4c8, R15=0x000002aaf59fc280
RIP=0x000002aaf952ae50, EFLAGS=0x0000000000010202


Register to memory mapping:

RAX=0x000002aaf94f9086 is at code_begin+3078 in an Interpreter codelet
return entry points  [0x000002aaf94f8480, 0x000002aaf94fa298]  7704 bytes
RBX=0xc3c8aa3100000000 is an unknown value
RCX=0x000000b32c0fe460 is pointing into the stack for thread: 0x000002aaf59fc280
RDX=0x0000000000000002 is an unknown value
RSP=0x000000b32c0fe458 is pointing into the stack for thread: 0x000002aaf59fc280
RBP=0x000000b32c0fe4a8 is pointing into the stack for thread: 0x000002aaf59fc280
RSI=0x000002aa914db388 points into unknown readable memory: 0x80001574bb057fd7 | d7 7f 05 bb 74 15 00 80
RDI=0x000002aa90439810 points into unknown readable memory: 0x0000001800000070 | 70 00 00 00 18 00 00 00
R8 =0x0000000000000002 is an unknown value
R9 =0x0000000000000002 is an unknown value
R10=0x00007ffe67477040 jvm.dll
R11={method} {0x000002aa8a3ecce8} 'newInvokeSpecial' '(Ljava/lang/Object;)Ljava/lang/Object;' in 'java/lang/invoke/DirectMethodHandle$Holder'
R12=0x0 is null
R13=0x000000b32c0fe458 is pointing into the stack for thread: 0x000002aaf59fc280
R14=0x000000b32c0fe4c8 is pointing into the stack for thread: 0x000002aaf59fc280
R15=0x000002aaf59fc280 is a thread

Top of Stack: (sp=0x000000b32c0fe458)
0x000000b32c0fe458:   000002aaf94f9086 000000b32c0fe460
0x000000b32c0fe468:   000002aa8a3ecccf 0000000000000004
0x000000b32c0fe478:   000002aa8a3f0aa8 000000060cf3c078
0x000000b32c0fe488:   000000060ca91df8 000002aa8a3ecce0
0x000000b32c0fe498:   000000b32c0fe458 000000b32c0fe4d0
0x000000b32c0fe4a8:   000000b32c0fe840 000002aaf9946e4b
0x000000b32c0fe4b8:   000000061e455090 000000061e455138
0x000000b32c0fe4c8:   000000061e4550f0 000000061e454e50
0x000000b32c0fe4d8:   000000060cac8650 000000b32c0fe840
0x000000b32c0fe4e8:   000002aafa00738c 0000000000000000
0x000000b32c0fe4f8:   000000060caa2d70 000000060c8a7200
0x000000b32c0fe508:   000000060c8a7200 000002aa8f819d50
0x000000b32c0fe518:   000000061e450cf8 000000061e450c80
0x000000b32c0fe528:   000000060ca7d268 000000061e4509d8
0x000000b32c0fe538:   0000000000000200 000000061e450e08
0x000000b32c0fe548:   000000060ca90990 000000060cf3c078
0x000000b32c0fe558:   000000061e454d18 000000061e454d18
0x000000b32c0fe568:   000000061e454e50 000000061e455120
0x000000b32c0fe578:   000000061e454ea8 000000060cf3c078
0x000000b32c0fe588:   0000000000000001 000000b32c0fe840
0x000000b32c0fe598:   000002aa00000000 0000000000000000
0x000000b32c0fe5a8:   0000000000000000 000000061e4550f0
0x000000b32c0fe5b8:   000002aaf99437dc 0000000000000000
0x000000b32c0fe5c8:   0000000000000000 0000000000000000
0x000000b32c0fe5d8:   000000060ca7d200 000002aaf59fc280
0x000000b32c0fe5e8:   0000000000000000 000000061e454e50
0x000000b32c0fe5f8:   0000000000000000 000000061e454d18
0x000000b32c0fe608:   000000061e455120 000000061e454e50
0x000000b32c0fe618:   0000000000000000 000000061e454e00
0x000000b32c0fe628:   000002aaf994636c 000000b32c0fe840
0x000000b32c0fe638:   000002aaf993f64a 0000000000000000
0x000000b32c0fe648:   000002aaf98146a9 000002aaf59fc280 

Instructions: (pc=0x000002aaf952ae50)
0x000002aaf952ad50:   bf e0 05 00 00 00 74 03 ff 63 38 ff 63 50 e9 9d
0x000002aaf952ad60:   16 00 00 66 66 66 0f 1f 84 00 00 00 00 00 66 0f
0x000002aaf952ad70:   1f 84 00 00 00 00 00 66 0f 1f 84 00 00 00 00 00
0x000002aaf952ad80:   48 8b 53 08 0f b7 52 2e 48 8b 0c d4 58 5b 50 44
0x000002aaf952ad90:   8b 51 08 49 bb 00 00 00 00 08 00 00 00 4d 03 d3
0x000002aaf952ada0:   4c 8b 5b 10 4b 8b 9c da c8 01 00 00 48 85 db 0f
0x000002aaf952adb0:   84 10 00 00 00 41 80 bf e0 05 00 00 00 74 03 ff
0x000002aaf952adc0:   63 38 ff 63 50 e9 36 16 00 00 66 66 66 0f 1f 84
0x000002aaf952add0:   00 00 00 00 00 66 66 66 0f 1f 84 00 00 00 00 00
0x000002aaf952ade0:   58 5b 50 8b 5b 24 48 c1 e3 03 48 8b 5b 10 48 85
0x000002aaf952adf0:   db 0f 84 10 00 00 00 41 80 bf e0 05 00 00 00 74
0x000002aaf952ae00:   03 ff 63 38 ff 63 50 e9 f4 15 00 00 66 66 0f 1f
0x000002aaf952ae10:   84 00 00 00 00 00 66 66 0f 1f 84 00 00 00 00 00
0x000002aaf952ae20:   48 8b 53 08 0f b7 52 2e 48 8b 0c d4 58 5b 50 48
0x000002aaf952ae30:   3b 01 8b 5b 24 48 c1 e3 03 48 8b 5b 10 48 85 db
0x000002aaf952ae40:   0f 84 10 00 00 00 41 80 bf e0 05 00 00 00 74 03
0x000002aaf952ae50:   ff 63 38 ff 63 50 e9 a5 15 00 00 0f 1f 44 00 00
0x000002aaf952ae60:   48 8b 53 08 0f b7 52 2e 48 8b 0c d4 58 5b 50 44
0x000002aaf952ae70:   8b 51 08 49 bb 00 00 00 00 08 00 00 00 4d 03 d3
0x000002aaf952ae80:   8b 43 18 48 c1 e0 03 48 8b 40 10 48 8b 5b 10 45
0x000002aaf952ae90:   8b 9a a0 00 00 00 4f 8d 9c da c8 01 00 00 4d 8d
0x000002aaf952aea0:   14 da 49 8b 1b 48 3b c3 74 15 48 85 db 0f 84 32
0x000002aaf952aeb0:   00 00 00 49 83 c3 10 49 8b 1b 48 3b c3 75 eb 45
0x000002aaf952aec0:   8b 5b 08 4b 8b 1c 1a 48 85 db 0f 84 10 00 00 00
0x000002aaf952aed0:   41 80 bf e0 05 00 00 00 74 03 ff 63 38 ff 63 50
0x000002aaf952aee0:   e9 1b 15 00 00 e9 16 12 00 00 f4 00 00 00 00 00
0x000002aaf952aef0:   00 00 00 00 00 00 00 00 00 00 00 00 00 00 00 00
0x000002aaf952af00:   00 00 00 00 00 00 00 00 00 00 00 00 00 00 00 00
0x000002aaf952af10:   00 00 00 00 00 00 00 00 00 00 00 00 00 00 00 00
0x000002aaf952af20:   00 00 00 00 00 00 00 00 00 00 00 00 00 00 00 00
0x000002aaf952af30:   00 00 00 00 00 00 00 00 00 00 00 00 00 00 00 00
0x000002aaf952af40:   00 00 00 00 00 00 00 00 00 00 00 00 00 00 00 00 


Stack slot to memory mapping:

stack at sp + 0 slots: 0x000002aaf94f9086 is at code_begin+3078 in an Interpreter codelet
return entry points  [0x000002aaf94f8480, 0x000002aaf94fa298]  7704 bytes
stack at sp + 1 slots: 0x000000b32c0fe460 is pointing into the stack for thread: 0x000002aaf59fc280
stack at sp + 2 slots: 0x000002aa8a3ecccf is pointing into metadata
stack at sp + 3 slots: 0x0000000000000004 is an unknown value
stack at sp + 4 slots: 0x000002aa8a3f0aa8 is pointing into metadata
stack at sp + 5 slots: 0x000000060cf3c078 is an oop: java.lang.Class 
{0x000000060cf3c078} - klass: 'java/lang/Class'
 - ---- fields (total size 14 words):
 - private volatile transient 'classRedefinedCount' 'I' @12  1 (0x00000001)
 - injected 'klass' 'J' @16  34363743376 (0x00000008003d1c90)
 - injected 'array_klass' 'J' @24  0 (0x0000000000000000)
 - injected 'oop_size' 'I' @32  14 (0x0000000e)
 - injected 'static_oop_field_count' 'I' @36  0 (0x00000000)
 - private volatile transient 'cachedConstructor' 'Ljava/lang/reflect/Constructor;' @40  null (0x00000000)
 - private transient 'name' 'Ljava/lang/String;' @44  "ec.com.saviasoft.operaciones.ctrl.UsuarioController"{0x000000060cf3c0e8} (0xc19e781d)
 - private transient 'module' 'Ljava/lang/Module;' @48  a 'java/lang/Module'{0x000000060ca7d390} (0xc194fa72)
 - private final 'classLoader' 'Ljava/lang/ClassLoader;' @52  a 'jdk/internal/loader/ClassLoaders$AppClassLoader'{0x000000060ca7d1c0} (0xc194fa38)
 - private transient 'classData' 'Ljava/lang/Object;' @56  null (0x00000000)
 - private transient 'packageName' 'Ljava/lang/String;' @60  "ec.com.saviasoft.operaciones.ctrl"{0x000000060cf3c028} (0xc19e7805)
 - private final 'componentType' 'Ljava/lang/Class;' @64  null (0x00000000)
 - private volatile transient 'reflectionData' 'Ljava/lang/ref/SoftReference;' @68  a 'java/lang/ref/SoftReference'{0x000000060d634fc0} (0xc1ac69f8)
 - private volatile transient 'genericInfo' 'Lsun/reflect/generics/repository/ClassRepository;' @72  null (0x00000000)
 - private volatile transient 'enumConstants' '[Ljava/lang/Object;' @76  null (0x00000000)
 - private volatile transient 'enumConstantDirectory' 'Ljava/util/Map;' @80  null (0x00000000)
 - private volatile transient 'annotationData' 'Ljava/lang/Class$AnnotationData;' @84  a 'java/lang/Class$AnnotationData'{0x000000060d634e88} (0xc1ac69d1)
 - private volatile transient 'annotationType' 'Lsun/reflect/annotation/AnnotationType;' @88  null (0x00000000)
 - transient 'classValueMap' 'Ljava/lang/ClassValue$ClassValueMap;' @92  null (0x00000000)
 - injected 'protection_domain' 'Ljava/lang/Object;' @96  a 'java/security/ProtectionDomain'{0x000000060d20bd10} (0xc1a417a2)
 - injected 'signers_name' 'Ljava/lang/Object;' @100  null (0x00000000)
 - injected 'source_file' 'Ljava/lang/Object;' @104  null (0x00000000)
 - signature: Lec/com/saviasoft/operaciones/ctrl/UsuarioController;
 - ---- static fields (0):
stack at sp + 6 slots: 0x000000060ca91df8 is an oop: java.lang.Class 
{0x000000060ca91df8} - klass: 'java/lang/Class'
 - ---- fields (total size 14 words):
 - private volatile transient 'classRedefinedCount' 'I' @12  0 (0x00000000)
 - injected 'klass' 'J' @16  34359948240 (0x00000008000333d0)
 - injected 'array_klass' 'J' @24  0 (0x0000000000000000)
 - injected 'oop_size' 'I' @32  14 (0x0000000e)
 - injected 'static_oop_field_count' 'I' @36  0 (0x00000000)
 - private volatile transient 'cachedConstructor' 'Ljava/lang/reflect/Constructor;' @40  null (0x00000000)
 - private transient 'name' 'Ljava/lang/String;' @44  null (0x00000000)
 - private transient 'module' 'Ljava/lang/Module;' @48  a 'java/lang/Module'{0x000000060ca83f70} (0xc19507ee)
 - private final 'classLoader' 'Ljava/lang/ClassLoader;' @52  null (0x00000000)
 - private transient 'classData' 'Ljava/lang/Object;' @56  null (0x00000000)
 - private transient 'packageName' 'Ljava/lang/String;' @60  null (0x00000000)
 - private final 'componentType' 'Ljava/lang/Class;' @64  null (0x00000000)
 - private volatile transient 'reflectionData' 'Ljava/lang/ref/SoftReference;' @68  null (0x00000000)
 - private volatile transient 'genericInfo' 'Lsun/reflect/generics/repository/ClassRepository;' @72  null (0x00000000)
 - private volatile transient 'enumConstants' '[Ljava/lang/Object;' @76  null (0x00000000)
 - private volatile transient 'enumConstantDirectory' 'Ljava/util/Map;' @80  null (0x00000000)
 - private volatile transient 'annotationData' 'Ljava/lang/Class$AnnotationData;' @84  null (0x00000000)
 - private volatile transient 'annotationType' 'Lsun/reflect/annotation/AnnotationType;' @88  null (0x00000000)
 - transient 'classValueMap' 'Ljava/lang/ClassValue$ClassValueMap;' @92  null (0x00000000)
 - injected 'protection_domain' 'Ljava/lang/Object;' @96  null (0x00000000)
 - injected 'signers_name' 'Ljava/lang/Object;' @100  null (0x00000000)
 - injected 'source_file' 'Ljava/lang/Object;' @104  null (0x00000000)
 - signature: Ljava/lang/invoke/DirectMethodHandle$Holder;
 - ---- static fields (0):
stack at sp + 7 slots: {method} {0x000002aa8a3ecce8} 'newInvokeSpecial' '(Ljava/lang/Object;)Ljava/lang/Object;' in 'java/lang/invoke/DirectMethodHandle$Holder'

MethodHandle::interpreter_entry::_linkToSpecial [0x000002aaf952ae0c, 0x000002aaf952ae5b] (79 bytes)
[MachCode]
  0x000002aaf952ae0c: 6666 0f1f | 8400 0000 | 0000 6666 | 0f1f 8400 | 0000 0000 | 488b 5308 | 0fb7 522e | 488b 0cd4 
  0x000002aaf952ae2c: 585b 5048 | 3b01 8b5b | 2448 c1e3 | 0348 8b5b | 1048 85db | 0f84 1000 | 0000 4180 | bfe0 0500 
  0x000002aaf952ae4c: 0000 7403 | ff63 38ff | 6350 e9a5 | 
[/MachCode]

---------------  P R O C E S S  ---------------

Threads class SMR info:
_java_thread_list=0x000002aa9187d4f0, length=25, elements={
0x000002aaf59fc280, 0x000002aa8e0afda0, 0x000002aa8e0b0cc0, 0x000002aa8e1054a0,
0x000002aa8e0de350, 0x000002aa8e0dfeb0, 0x000002aa8e0e1920, 0x000002aa8e0e2380,
0x000002aa8e201870, 0x000002aa8e3832e0, 0x000002aa8e388b10, 0x000002aa8e38b2b0,
0x000002aa8eb65880, 0x000002aa8ede65b0, 0x000002aa8ee27170, 0x000002aa8eeb9bd0,
0x000002aa8f367e70, 0x000002aa8f39a4a0, 0x000002aa8f39b290, 0x000002aa8f3e4ff0,
0x000002aa905abd60, 0x000002aa905ab040, 0x000002aa905ab6d0, 0x000002aa905ac3f0,
0x000002aa905ad110
}

Java Threads: ( => current thread )
=>0x000002aaf59fc280 JavaThread "main"                              [_thread_in_Java, id=113972, stack(0x000000b32c000000,0x000000b32c100000) (1024K)]
  0x000002aa8e0afda0 JavaThread "Reference Handler"          daemon [_thread_blocked, id=113452, stack(0x000000b32c800000,0x000000b32c900000) (1024K)]
  0x000002aa8e0b0cc0 JavaThread "Finalizer"                  daemon [_thread_blocked, id=85228, stack(0x000000b32c900000,0x000000b32ca00000) (1024K)]
  0x000002aa8e1054a0 JavaThread "Signal Dispatcher"          daemon [_thread_blocked, id=96620, stack(0x000000b32ca00000,0x000000b32cb00000) (1024K)]
  0x000002aa8e0de350 JavaThread "Attach Listener"            daemon [_thread_blocked, id=92296, stack(0x000000b32cb00000,0x000000b32cc00000) (1024K)]
  0x000002aa8e0dfeb0 JavaThread "Service Thread"             daemon [_thread_blocked, id=113216, stack(0x000000b32cc00000,0x000000b32cd00000) (1024K)]
  0x000002aa8e0e1920 JavaThread "Monitor Deflation Thread"   daemon [_thread_blocked, id=88200, stack(0x000000b32cd00000,0x000000b32ce00000) (1024K)]
  0x000002aa8e0e2380 JavaThread "C1 CompilerThread0"         daemon [_thread_blocked, id=113900, stack(0x000000b32ce00000,0x000000b32cf00000) (1024K)]
  0x000002aa8e201870 JavaThread "Common-Cleaner"             daemon [_thread_blocked, id=105932, stack(0x000000b32cf00000,0x000000b32d000000) (1024K)]
  0x000002aa8e3832e0 JavaThread "JDWP Transport Listener: dt_socket" daemon [_thread_blocked, id=114460, stack(0x000000b32d200000,0x000000b32d300000) (1024K)]
  0x000002aa8e388b10 JavaThread "JDWP Event Helper Thread"   daemon [_thread_blocked, id=86740, stack(0x000000b32d300000,0x000000b32d400000) (1024K)]
  0x000002aa8e38b2b0 JavaThread "JDWP Command Reader"        daemon [_thread_in_native, id=108532, stack(0x000000b32d400000,0x000000b32d500000) (1024K)]
  0x000002aa8eb65880 JavaThread "Notification Thread"        daemon [_thread_blocked, id=388, stack(0x000000b32d500000,0x000000b32d600000) (1024K)]
  0x000002aa8ede65b0 JavaThread "RMI TCP Accept-0"           daemon [_thread_in_native, id=102068, stack(0x000000b32d800000,0x000000b32d900000) (1024K)]
  0x000002aa8ee27170 JavaThread "RMI TCP Accept-50592"       daemon [_thread_in_native, id=108696, stack(0x000000b32d900000,0x000000b32da00000) (1024K)]
  0x000002aa8eeb9bd0 JavaThread "RMI TCP Accept-0"           daemon [_thread_in_native, id=107952, stack(0x000000b32e500000,0x000000b32e600000) (1024K)]
  0x000002aa8f367e70 JavaThread "RMI TCP Connection(3)-127.0.0.1" daemon [_thread_in_native, id=83040, stack(0x000000b32e700000,0x000000b32e800000) (1024K)]
  0x000002aa8f39a4a0 JavaThread "RMI Scheduler(0)"           daemon [_thread_blocked, id=113716, stack(0x000000b32e800000,0x000000b32e900000) (1024K)]
  0x000002aa8f39b290 JavaThread "RMI TCP Connection(2)-127.0.0.1" daemon [_thread_in_native, id=91808, stack(0x000000b32e900000,0x000000b32ea00000) (1024K)]
  0x000002aa8f3e4ff0 JavaThread "JMX server connection timeout 51" daemon [_thread_blocked, id=113980, stack(0x000000b32ea00000,0x000000b32eb00000) (1024K)]
  0x000002aa905abd60 JavaThread "Catalina-utility-1"                [_thread_blocked, id=103708, stack(0x000000b32ed00000,0x000000b32ee00000) (1024K)]
  0x000002aa905ab040 JavaThread "Catalina-utility-2"                [_thread_blocked, id=113312, stack(0x000000b32f000000,0x000000b32f100000) (1024K)]
  0x000002aa905ab6d0 JavaThread "container-0"                       [_thread_blocked, id=85852, stack(0x000000b32f100000,0x000000b32f200000) (1024K)]
  0x000002aa905ac3f0 JavaThread "PostgreSQL-JDBC-Cleaner"    daemon [_thread_blocked, id=109632, stack(0x000000b32f300000,0x000000b32f400000) (1024K)]
  0x000002aa905ad110 JavaThread "HikariPool-1 housekeeper"   daemon [_thread_blocked, id=108164, stack(0x000000b32f400000,0x000000b32f500000) (1024K)]
Total: 25

Other Threads:
  0x000002aa8e03bf30 VMThread "VM Thread"                           [id=48360, stack(0x000000b32c700000,0x000000b32c800000) (1024K)]
  0x000002aafed47da0 WatcherThread "VM Periodic Task Thread"        [id=99280, stack(0x000000b32c600000,0x000000b32c700000) (1024K)]
  0x000002aaf5aa3590 WorkerThread "GC Thread#0"                     [id=86876, stack(0x000000b32c100000,0x000000b32c200000) (1024K)]
  0x000002aa8ee277e0 WorkerThread "GC Thread#1"                     [id=84056, stack(0x000000b32da00000,0x000000b32db00000) (1024K)]
  0x000002aa8ee27f90 WorkerThread "GC Thread#2"                     [id=92852, stack(0x000000b32db00000,0x000000b32dc00000) (1024K)]
  0x000002aa8ee2a340 WorkerThread "GC Thread#3"                     [id=93556, stack(0x000000b32dc00000,0x000000b32dd00000) (1024K)]
  0x000002aa8ee2a6e0 WorkerThread "GC Thread#4"                     [id=114188, stack(0x000000b32dd00000,0x000000b32de00000) (1024K)]
  0x000002aa8ee2aa80 WorkerThread "GC Thread#5"                     [id=113952, stack(0x000000b32de00000,0x000000b32df00000) (1024K)]
  0x000002aa8ee2ee30 WorkerThread "GC Thread#6"                     [id=93052, stack(0x000000b32df00000,0x000000b32e000000) (1024K)]
  0x000002aa8ee2f1d0 WorkerThread "GC Thread#7"                     [id=110848, stack(0x000000b32e000000,0x000000b32e100000) (1024K)]
  0x000002aa8ee3b590 WorkerThread "GC Thread#8"                     [id=112100, stack(0x000000b32e100000,0x000000b32e200000) (1024K)]
  0x000002aa8ee3c460 WorkerThread "GC Thread#9"                     [id=109864, stack(0x000000b32e200000,0x000000b32e300000) (1024K)]
  0x000002aa8ee3c0c0 WorkerThread "GC Thread#10"                    [id=109560, stack(0x000000b32e300000,0x000000b32e400000) (1024K)]
  0x000002aa8ee3b980 WorkerThread "GC Thread#11"                    [id=110224, stack(0x000000b32e400000,0x000000b32e500000) (1024K)]
  0x000002aa8ee3d2e0 WorkerThread "GC Thread#12"                    [id=114096, stack(0x000000b32e600000,0x000000b32e700000) (1024K)]
  0x000002aafeb67d80 ConcurrentGCThread "G1 Main Marker"            [id=114152, stack(0x000000b32c200000,0x000000b32c300000) (1024K)]
  0x000002aafeb68880 WorkerThread "G1 Conc#0"                       [id=107196, stack(0x000000b32c300000,0x000000b32c400000) (1024K)]
  0x000002aa8ee3c800 WorkerThread "G1 Conc#1"                       [id=113764, stack(0x000000b32eb00000,0x000000b32ec00000) (1024K)]
  0x000002aa8ee3cba0 WorkerThread "G1 Conc#2"                       [id=114556, stack(0x000000b32ec00000,0x000000b32ed00000) (1024K)]
  0x000002aafec16010 ConcurrentGCThread "G1 Refine#0"               [id=90924, stack(0x000000b32c400000,0x000000b32c500000) (1024K)]
  0x000002aafec18b90 ConcurrentGCThread "G1 Service"                [id=88696, stack(0x000000b32c500000,0x000000b32c600000) (1024K)]
Total: 21

Threads with active compile tasks:
Total: 0

VM state: not at safepoint (normal execution)

VM Mutex/Monitor currently owned by a thread: None

Heap address: 0x000000060c800000, size: 7992 MB, Compressed Oops mode: Zero based, Oop shift amount: 3

CDS archive(s) not mapped
Compressed class space mapped at: 0x0000000800000000-0x0000000840000000, reserved size: 1073741824
Narrow klass base: 0x0000000800000000, Narrow klass shift: 0, Narrow klass range: 0x40000000

GC Precious Log:
 CardTable entry size: 512
 Card Set container configuration: InlinePtr #cards 4 size 8 Array Of Cards #cards 32 size 80 Howl #buckets 8 coarsen threshold 7372 Howl Bitmap #cards 1024 size 144 coarsen threshold 921 Card regions per heap region 1 cards per card region 8192
 CPUs: 16 total, 16 available
 Memory: 31962M
 Large Page Support: Disabled
 NUMA Support: Disabled
 Compressed Oops: Enabled (Zero based)
 Heap Region Size: 4M
 Heap Min Capacity: 8M
 Heap Initial Capacity: 500M
 Heap Max Capacity: 7992M
 Pre-touch: Disabled
 Parallel Workers: 13
 Concurrent Workers: 3
 Concurrent Refinement Workers: 13
 Periodic GC: Disabled

Heap:
 garbage-first heap   total 299008K, used 29806K [0x000000060c800000, 0x0000000800000000)
  region size 4096K, 3 young (12288K), 1 survivors (4096K)
 Metaspace       used 71297K, committed 72000K, reserved 1114112K
  class space    used 9383K, committed 9664K, reserved 1048576K

Heap Regions: E=young(eden), S=young(survivor), O=old, HS=humongous(starts), HC=humongous(continues), CS=collection set, F=free, TAMS=top-at-mark-start, PB=parsable bottom
|   0|0x000000060c800000, 0x000000060cc00000, 0x000000060cc00000|100%| O|  |TAMS 0x000000060c800000| PB 0x000000060c800000| Untracked 
|   1|0x000000060cc00000, 0x000000060d000000, 0x000000060d000000|100%| O|  |TAMS 0x000000060cc00000| PB 0x000000060cc00000| Untracked 
|   2|0x000000060d000000, 0x000000060d400000, 0x000000060d400000|100%| O|  |TAMS 0x000000060d000000| PB 0x000000060d000000| Untracked 
|   3|0x000000060d400000, 0x000000060d800000, 0x000000060d800000|100%| O|  |TAMS 0x000000060d400000| PB 0x000000060d400000| Untracked 
|   4|0x000000060d800000, 0x000000060d96b728, 0x000000060dc00000| 35%| O|  |TAMS 0x000000060d800000| PB 0x000000060d800000| Untracked 
|   5|0x000000060dc00000, 0x000000060e000000, 0x000000060e000000|100%| O|  |TAMS 0x000000060dc00000| PB 0x000000060dc00000| Untracked 
|   6|0x000000060e000000, 0x000000060e000000, 0x000000060e400000|  0%| F|  |TAMS 0x000000060e000000| PB 0x000000060e000000| Untracked 
|   7|0x000000060e400000, 0x000000060e7b03d0, 0x000000060e800000| 92%| S|CS|TAMS 0x000000060e400000| PB 0x000000060e400000| Complete 
|   8|0x000000060e800000, 0x000000060e800000, 0x000000060ec00000|  0%| F|  |TAMS 0x000000060e800000| PB 0x000000060e800000| Untracked 
|   9|0x000000060ec00000, 0x000000060ec00000, 0x000000060f000000|  0%| F|  |TAMS 0x000000060ec00000| PB 0x000000060ec00000| Untracked 
|  10|0x000000060f000000, 0x000000060f000000, 0x000000060f400000|  0%| F|  |TAMS 0x000000060f000000| PB 0x000000060f000000| Untracked 
|  11|0x000000060f400000, 0x000000060f400000, 0x000000060f800000|  0%| F|  |TAMS 0x000000060f400000| PB 0x000000060f400000| Untracked 
|  12|0x000000060f800000, 0x000000060f800000, 0x000000060fc00000|  0%| F|  |TAMS 0x000000060f800000| PB 0x000000060f800000| Untracked 
|  13|0x000000060fc00000, 0x000000060fc00000, 0x0000000610000000|  0%| F|  |TAMS 0x000000060fc00000| PB 0x000000060fc00000| Untracked 
|  14|0x0000000610000000, 0x0000000610000000, 0x0000000610400000|  0%| F|  |TAMS 0x0000000610000000| PB 0x0000000610000000| Untracked 
|  15|0x0000000610400000, 0x0000000610400000, 0x0000000610800000|  0%| F|  |TAMS 0x0000000610400000| PB 0x0000000610400000| Untracked 
|  16|0x0000000610800000, 0x0000000610800000, 0x0000000610c00000|  0%| F|  |TAMS 0x0000000610800000| PB 0x0000000610800000| Untracked 
|  17|0x0000000610c00000, 0x0000000610c00000, 0x0000000611000000|  0%| F|  |TAMS 0x0000000610c00000| PB 0x0000000610c00000| Untracked 
|  18|0x0000000611000000, 0x0000000611000000, 0x0000000611400000|  0%| F|  |TAMS 0x0000000611000000| PB 0x0000000611000000| Untracked 
|  19|0x0000000611400000, 0x0000000611400000, 0x0000000611800000|  0%| F|  |TAMS 0x0000000611400000| PB 0x0000000611400000| Untracked 
|  20|0x0000000611800000, 0x0000000611800000, 0x0000000611c00000|  0%| F|  |TAMS 0x0000000611800000| PB 0x0000000611800000| Untracked 
|  21|0x0000000611c00000, 0x0000000611c00000, 0x0000000612000000|  0%| F|  |TAMS 0x0000000611c00000| PB 0x0000000611c00000| Untracked 
|  22|0x0000000612000000, 0x0000000612000000, 0x0000000612400000|  0%| F|  |TAMS 0x0000000612000000| PB 0x0000000612000000| Untracked 
|  23|0x0000000612400000, 0x0000000612400000, 0x0000000612800000|  0%| F|  |TAMS 0x0000000612400000| PB 0x0000000612400000| Untracked 
|  24|0x0000000612800000, 0x0000000612800000, 0x0000000612c00000|  0%| F|  |TAMS 0x0000000612800000| PB 0x0000000612800000| Untracked 
|  25|0x0000000612c00000, 0x0000000612c00000, 0x0000000613000000|  0%| F|  |TAMS 0x0000000612c00000| PB 0x0000000612c00000| Untracked 
|  26|0x0000000613000000, 0x0000000613000000, 0x0000000613400000|  0%| F|  |TAMS 0x0000000613000000| PB 0x0000000613000000| Untracked 
|  27|0x0000000613400000, 0x0000000613400000, 0x0000000613800000|  0%| F|  |TAMS 0x0000000613400000| PB 0x0000000613400000| Untracked 
|  28|0x0000000613800000, 0x0000000613800000, 0x0000000613c00000|  0%| F|  |TAMS 0x0000000613800000| PB 0x0000000613800000| Untracked 
|  29|0x0000000613c00000, 0x0000000613c00000, 0x0000000614000000|  0%| F|  |TAMS 0x0000000613c00000| PB 0x0000000613c00000| Untracked 
|  30|0x0000000614000000, 0x0000000614000000, 0x0000000614400000|  0%| F|  |TAMS 0x0000000614000000| PB 0x0000000614000000| Untracked 
|  31|0x0000000614400000, 0x0000000614400000, 0x0000000614800000|  0%| F|  |TAMS 0x0000000614400000| PB 0x0000000614400000| Untracked 
|  32|0x0000000614800000, 0x0000000614800000, 0x0000000614c00000|  0%| F|  |TAMS 0x0000000614800000| PB 0x0000000614800000| Untracked 
|  33|0x0000000614c00000, 0x0000000614c00000, 0x0000000615000000|  0%| F|  |TAMS 0x0000000614c00000| PB 0x0000000614c00000| Untracked 
|  34|0x0000000615000000, 0x0000000615000000, 0x0000000615400000|  0%| F|  |TAMS 0x0000000615000000| PB 0x0000000615000000| Untracked 
|  35|0x0000000615400000, 0x0000000615400000, 0x0000000615800000|  0%| F|  |TAMS 0x0000000615400000| PB 0x0000000615400000| Untracked 
|  36|0x0000000615800000, 0x0000000615800000, 0x0000000615c00000|  0%| F|  |TAMS 0x0000000615800000| PB 0x0000000615800000| Untracked 
|  37|0x0000000615c00000, 0x0000000615c00000, 0x0000000616000000|  0%| F|  |TAMS 0x0000000615c00000| PB 0x0000000615c00000| Untracked 
|  38|0x0000000616000000, 0x0000000616000000, 0x0000000616400000|  0%| F|  |TAMS 0x0000000616000000| PB 0x0000000616000000| Untracked 
|  39|0x0000000616400000, 0x0000000616400000, 0x0000000616800000|  0%| F|  |TAMS 0x0000000616400000| PB 0x0000000616400000| Untracked 
|  40|0x0000000616800000, 0x0000000616800000, 0x0000000616c00000|  0%| F|  |TAMS 0x0000000616800000| PB 0x0000000616800000| Untracked 
|  41|0x0000000616c00000, 0x0000000616c00000, 0x0000000617000000|  0%| F|  |TAMS 0x0000000616c00000| PB 0x0000000616c00000| Untracked 
|  42|0x0000000617000000, 0x0000000617000000, 0x0000000617400000|  0%| F|  |TAMS 0x0000000617000000| PB 0x0000000617000000| Untracked 
|  43|0x0000000617400000, 0x0000000617400000, 0x0000000617800000|  0%| F|  |TAMS 0x0000000617400000| PB 0x0000000617400000| Untracked 
|  44|0x0000000617800000, 0x0000000617800000, 0x0000000617c00000|  0%| F|  |TAMS 0x0000000617800000| PB 0x0000000617800000| Untracked 
|  45|0x0000000617c00000, 0x0000000617c00000, 0x0000000618000000|  0%| F|  |TAMS 0x0000000617c00000| PB 0x0000000617c00000| Untracked 
|  46|0x0000000618000000, 0x0000000618000000, 0x0000000618400000|  0%| F|  |TAMS 0x0000000618000000| PB 0x0000000618000000| Untracked 
|  47|0x0000000618400000, 0x0000000618400000, 0x0000000618800000|  0%| F|  |TAMS 0x0000000618400000| PB 0x0000000618400000| Untracked 
|  48|0x0000000618800000, 0x0000000618800000, 0x0000000618c00000|  0%| F|  |TAMS 0x0000000618800000| PB 0x0000000618800000| Untracked 
|  49|0x0000000618c00000, 0x0000000618c00000, 0x0000000619000000|  0%| F|  |TAMS 0x0000000618c00000| PB 0x0000000618c00000| Untracked 
|  50|0x0000000619000000, 0x0000000619000000, 0x0000000619400000|  0%| F|  |TAMS 0x0000000619000000| PB 0x0000000619000000| Untracked 
|  51|0x0000000619400000, 0x0000000619400000, 0x0000000619800000|  0%| F|  |TAMS 0x0000000619400000| PB 0x0000000619400000| Untracked 
|  52|0x0000000619800000, 0x0000000619800000, 0x0000000619c00000|  0%| F|  |TAMS 0x0000000619800000| PB 0x0000000619800000| Untracked 
|  53|0x0000000619c00000, 0x0000000619c00000, 0x000000061a000000|  0%| F|  |TAMS 0x0000000619c00000| PB 0x0000000619c00000| Untracked 
|  54|0x000000061a000000, 0x000000061a000000, 0x000000061a400000|  0%| F|  |TAMS 0x000000061a000000| PB 0x000000061a000000| Untracked 
|  55|0x000000061a400000, 0x000000061a400000, 0x000000061a800000|  0%| F|  |TAMS 0x000000061a400000| PB 0x000000061a400000| Untracked 
|  56|0x000000061a800000, 0x000000061a800000, 0x000000061ac00000|  0%| F|  |TAMS 0x000000061a800000| PB 0x000000061a800000| Untracked 
|  57|0x000000061ac00000, 0x000000061ac00000, 0x000000061b000000|  0%| F|  |TAMS 0x000000061ac00000| PB 0x000000061ac00000| Untracked 
|  58|0x000000061b000000, 0x000000061b000000, 0x000000061b400000|  0%| F|  |TAMS 0x000000061b000000| PB 0x000000061b000000| Untracked 
|  59|0x000000061b400000, 0x000000061b400000, 0x000000061b800000|  0%| F|  |TAMS 0x000000061b400000| PB 0x000000061b400000| Untracked 
|  60|0x000000061b800000, 0x000000061b800000, 0x000000061bc00000|  0%| F|  |TAMS 0x000000061b800000| PB 0x000000061b800000| Untracked 
|  61|0x000000061bc00000, 0x000000061bc00000, 0x000000061c000000|  0%| F|  |TAMS 0x000000061bc00000| PB 0x000000061bc00000| Untracked 
|  62|0x000000061c000000, 0x000000061c000000, 0x000000061c400000|  0%| F|  |TAMS 0x000000061c000000| PB 0x000000061c000000| Untracked 
|  63|0x000000061c400000, 0x000000061c400000, 0x000000061c800000|  0%| F|  |TAMS 0x000000061c400000| PB 0x000000061c400000| Untracked 
|  64|0x000000061c800000, 0x000000061c800000, 0x000000061cc00000|  0%| F|  |TAMS 0x000000061c800000| PB 0x000000061c800000| Untracked 
|  65|0x000000061cc00000, 0x000000061cc00000, 0x000000061d000000|  0%| F|  |TAMS 0x000000061cc00000| PB 0x000000061cc00000| Untracked 
|  66|0x000000061d000000, 0x000000061d000000, 0x000000061d400000|  0%| F|  |TAMS 0x000000061d000000| PB 0x000000061d000000| Untracked 
|  67|0x000000061d400000, 0x000000061d400000, 0x000000061d800000|  0%| F|  |TAMS 0x000000061d400000| PB 0x000000061d400000| Untracked 
|  68|0x000000061d800000, 0x000000061d800000, 0x000000061dc00000|  0%| F|  |TAMS 0x000000061d800000| PB 0x000000061d800000| Untracked 
|  69|0x000000061dc00000, 0x000000061dc00000, 0x000000061e000000|  0%| F|  |TAMS 0x000000061dc00000| PB 0x000000061dc00000| Untracked 
|  70|0x000000061e000000, 0x000000061e000000, 0x000000061e400000|  0%| F|  |TAMS 0x000000061e000000| PB 0x000000061e000000| Untracked 
|  71|0x000000061e400000, 0x000000061e77eea0, 0x000000061e800000| 87%| E|  |TAMS 0x000000061e400000| PB 0x000000061e400000| Complete 
| 124|0x000000062b800000, 0x000000062bc00000, 0x000000062bc00000|100%| E|CS|TAMS 0x000000062b800000| PB 0x000000062b800000| Complete 

Card table byte_map: [0x000002aafdb00000,0x000002aafeaa0000] _byte_map_base: 0x000002aafaa9c000

Marking Bits: (CMBitMap*) 0x000002aaf5aa3c90
 Bits: [0x000002aa80000000, 0x000002aa87ce0000)

Polling page: 0x000002aaf3910000

Metaspace:

Usage:
  Non-class:     60.46 MB used.
      Class:      9.16 MB used.
       Both:     69.63 MB used.

Virtual space:
  Non-class space:       64.00 MB reserved,      60.88 MB ( 95%) committed,  1 nodes.
      Class space:        1.00 GB reserved,       9.44 MB ( <1%) committed,  1 nodes.
             Both:        1.06 GB reserved,      70.31 MB (  6%) committed. 

Chunk freelists:
   Non-Class:  2.80 MB
       Class:  6.58 MB
        Both:  9.37 MB

MaxMetaspaceSize: unlimited
CompressedClassSpaceSize: 1.00 GB
Initial GC threshold: 21.00 MB
Current GC threshold: 98.38 MB
CDS: off
 - commit_granule_bytes: 65536.
 - commit_granule_words: 8192.
 - virtual_space_node_default_size: 8388608.
 - enlarge_chunks_in_place: 1.
 - use_allocation_guard: 0.


Internal statistics:

num_allocs_failed_limit: 9.
num_arena_births: 938.
num_arena_deaths: 0.
num_vsnodes_births: 2.
num_vsnodes_deaths: 0.
num_space_committed: 1125.
num_space_uncommitted: 0.
num_chunks_returned_to_freelist: 9.
num_chunks_taken_from_freelist: 3103.
num_chunk_merges: 9.
num_chunk_splits: 2246.
num_chunks_enlarged: 1735.
num_inconsistent_stats: 0.

CodeCache: size=49152Kb used=10696Kb max_used=13753Kb free=38455Kb
 bounds [0x000002aaf94f0000, 0x000002aafa260000, 0x000002aafc4f0000]
 total_blobs=6154 nmethods=5463 adapters=615
 compilation: enabled
              stopped_count=0, restarted_count=0
 full_count=0

Compilation events (20 events):
Event: 51.446 Thread 0x000002aa8e0e2380 5510       1       java.util.concurrent.locks.ReentrantReadWriteLock$Sync::tryAcquireShared (177 bytes)
Event: 51.446 Thread 0x000002aa8e0e2380 nmethod 5510 0x000002aaf9ce7c10 code [0x000002aaf9ce7e20, 0x000002aaf9ce8508]
Event: 51.446 Thread 0x000002aa8e0e2380 5511       1       java.util.concurrent.locks.ReentrantReadWriteLock$Sync::sharedCount (5 bytes)
Event: 51.446 Thread 0x000002aa8e0e2380 nmethod 5511 0x000002aaf9ce7910 code [0x000002aaf9ce7aa0, 0x000002aaf9ce7b50]
Event: 51.446 Thread 0x000002aa8e0e2380 5512       1       java.util.concurrent.locks.ReentrantReadWriteLock$ReadLock::unlock (10 bytes)
Event: 51.447 Thread 0x000002aa8e0e2380 nmethod 5512 0x000002aaf9ce7510 code [0x000002aaf9ce76c0, 0x000002aaf9ce7838]
Event: 51.447 Thread 0x000002aa8e0e2380 5513       1       java.util.concurrent.locks.ReentrantReadWriteLock$Sync::tryReleaseShared (146 bytes)
Event: 51.447 Thread 0x000002aa8e0e2380 nmethod 5513 0x000002aaf9ce6a90 code [0x000002aaf9ce6c80, 0x000002aaf9ce7120]
Event: 52.144 Thread 0x000002aa8e0e2380 5514       1       java.io.ObjectInputStream$PeekInputStream::getBytesRead (5 bytes)
Event: 52.144 Thread 0x000002aa8e0e2380 nmethod 5514 0x000002aaf9ce6790 code [0x000002aaf9ce6920, 0x000002aaf9ce69e8]
Event: 52.144 Thread 0x000002aa8e0e2380 5515       1       java.io.ObjectInputStream$FilterValues::serialClass (5 bytes)
Event: 52.144 Thread 0x000002aa8e0e2380 nmethod 5515 0x000002aaf9ce6490 code [0x000002aaf9ce6620, 0x000002aaf9ce66f0]
Event: 52.144 Thread 0x000002aa8e0e2380 5516       1       jdk.internal.event.DeserializationEvent::shouldCommit (2 bytes)
Event: 52.144 Thread 0x000002aa8e0e2380 nmethod 5516 0x000002aaf9ce6190 code [0x000002aaf9ce6320, 0x000002aaf9ce63e8]
Event: 53.196 Thread 0x000002aa8e0e2380 5517       1       jdk.internal.util.ByteArray::getInt (9 bytes)
Event: 53.196 Thread 0x000002aa8e0e2380 nmethod 5517 0x000002aaf9ce5c90 code [0x000002aaf9ce5e40, 0x000002aaf9ce5f88]
Event: 53.196 Thread 0x000002aa8e0e2380 5518       1       javax.management.ObjectName::getDomain (13 bytes)
Event: 53.196 Thread 0x000002aa8e0e2380 nmethod 5518 0x000002aaf9ce5910 code [0x000002aaf9ce5aa0, 0x000002aaf9ce5bb0]
Event: 53.709 Thread 0x000002aa8e0e2380 5519       1       java.io.DataOutputStream::incCount (20 bytes)
Event: 53.709 Thread 0x000002aa8e0e2380 nmethod 5519 0x000002aaf9ce5610 code [0x000002aaf9ce57a0, 0x000002aaf9ce5880]

GC Heap History (20 events):
Event: 0.704 GC heap before
{Heap before GC invocations=6 (full 0):
 garbage-first heap   total 45056K, used 22467K [0x000000060c800000, 0x0000000800000000)
  region size 4096K, 5 young (20480K), 1 survivors (4096K)
 Metaspace       used 26735K, committed 27136K, reserved 1114112K
  class space    used 2965K, committed 3136K, reserved 1048576K
}
Event: 0.704 GC heap after
{Heap after GC invocations=7 (full 0):
 garbage-first heap   total 45056K, used 10823K [0x000000060c800000, 0x0000000800000000)
  region size 4096K, 1 young (4096K), 1 survivors (4096K)
 Metaspace       used 26735K, committed 27136K, reserved 1114112K
  class space    used 2965K, committed 3136K, reserved 1048576K
}
Event: 0.738 GC heap before
{Heap before GC invocations=7 (full 0):
 garbage-first heap   total 45056K, used 31303K [0x000000060c800000, 0x0000000800000000)
  region size 4096K, 6 young (24576K), 1 survivors (4096K)
 Metaspace       used 28790K, committed 29120K, reserved 1114112K
  class space    used 3214K, committed 3328K, reserved 1048576K
}
Event: 0.740 GC heap after
{Heap after GC invocations=8 (full 0):
 garbage-first heap   total 278528K, used 11510K [0x000000060c800000, 0x0000000800000000)
  region size 4096K, 1 young (4096K), 1 survivors (4096K)
 Metaspace       used 28790K, committed 29120K, reserved 1114112K
  class space    used 3214K, committed 3328K, reserved 1048576K
}
Event: 1.084 GC heap before
{Heap before GC invocations=8 (full 0):
 garbage-first heap   total 278528K, used 101622K [0x000000060c800000, 0x0000000800000000)
  region size 4096K, 25 young (102400K), 1 survivors (4096K)
 Metaspace       used 35571K, committed 35968K, reserved 1114112K
  class space    used 4176K, committed 4352K, reserved 1048576K
}
Event: 1.087 GC heap after
{Heap after GC invocations=9 (full 0):
 garbage-first heap   total 278528K, used 15358K [0x000000060c800000, 0x0000000800000000)
  region size 4096K, 2 young (8192K), 2 survivors (8192K)
 Metaspace       used 35571K, committed 35968K, reserved 1114112K
  class space    used 4176K, committed 4352K, reserved 1048576K
}
Event: 1.246 GC heap before
{Heap before GC invocations=10 (full 0):
 garbage-first heap   total 69632K, used 48126K [0x000000060c800000, 0x0000000800000000)
  region size 4096K, 10 young (40960K), 2 survivors (8192K)
 Metaspace       used 38051K, committed 38528K, reserved 1114112K
  class space    used 4567K, committed 4800K, reserved 1048576K
}
Event: 1.249 GC heap after
{Heap after GC invocations=11 (full 0):
 garbage-first heap   total 69632K, used 17084K [0x000000060c800000, 0x0000000800000000)
  region size 4096K, 2 young (8192K), 2 survivors (8192K)
 Metaspace       used 38051K, committed 38528K, reserved 1114112K
  class space    used 4567K, committed 4800K, reserved 1048576K
}
Event: 1.388 GC heap before
{Heap before GC invocations=11 (full 0):
 garbage-first heap   total 69632K, used 49852K [0x000000060c800000, 0x0000000800000000)
  region size 4096K, 10 young (40960K), 2 survivors (8192K)
 Metaspace       used 40963K, committed 41472K, reserved 1114112K
  class space    used 4960K, committed 5184K, reserved 1048576K
}
Event: 1.391 GC heap after
{Heap after GC invocations=12 (full 0):
 garbage-first heap   total 69632K, used 18377K [0x000000060c800000, 0x0000000800000000)
  region size 4096K, 1 young (4096K), 1 survivors (4096K)
 Metaspace       used 40963K, committed 41472K, reserved 1114112K
  class space    used 4960K, committed 5184K, reserved 1048576K
}
Event: 1.519 GC heap before
{Heap before GC invocations=12 (full 0):
 garbage-first heap   total 69632K, used 51145K [0x000000060c800000, 0x0000000800000000)
  region size 4096K, 10 young (40960K), 1 survivors (4096K)
 Metaspace       used 44027K, committed 44608K, reserved 1114112K
  class space    used 5379K, committed 5632K, reserved 1048576K
}
Event: 1.520 GC heap after
{Heap after GC invocations=13 (full 0):
 garbage-first heap   total 290816K, used 19302K [0x000000060c800000, 0x0000000800000000)
  region size 4096K, 2 young (8192K), 2 survivors (8192K)
 Metaspace       used 44027K, committed 44608K, reserved 1114112K
  class space    used 5379K, committed 5632K, reserved 1048576K
}
Event: 2.134 GC heap before
{Heap before GC invocations=13 (full 0):
 garbage-first heap   total 290816K, used 174950K [0x000000060c800000, 0x0000000800000000)
  region size 4096K, 42 young (172032K), 2 survivors (8192K)
 Metaspace       used 59488K, committed 60096K, reserved 1114112K
  class space    used 7478K, committed 7744K, reserved 1048576K
}
Event: 2.137 GC heap after
{Heap after GC invocations=14 (full 0):
 garbage-first heap   total 290816K, used 22636K [0x000000060c800000, 0x0000000800000000)
  region size 4096K, 2 young (8192K), 2 survivors (8192K)
 Metaspace       used 59488K, committed 60096K, reserved 1114112K
  class space    used 7478K, committed 7744K, reserved 1048576K
}
Event: 2.302 GC heap before
{Heap before GC invocations=15 (full 0):
 garbage-first heap   total 81920K, used 63596K [0x000000060c800000, 0x0000000800000000)
  region size 4096K, 12 young (49152K), 2 survivors (8192K)
 Metaspace       used 63426K, committed 64064K, reserved 1114112K
  class space    used 8281K, committed 8576K, reserved 1048576K
}
Event: 2.305 GC heap after
{Heap after GC invocations=16 (full 0):
 garbage-first heap   total 81920K, used 23195K [0x000000060c800000, 0x0000000800000000)
  region size 4096K, 2 young (8192K), 2 survivors (8192K)
 Metaspace       used 63426K, committed 64064K, reserved 1114112K
  class space    used 8281K, committed 8576K, reserved 1048576K
}
Event: 2.457 GC heap before
{Heap before GC invocations=16 (full 0):
 garbage-first heap   total 81920K, used 60059K [0x000000060c800000, 0x0000000800000000)
  region size 4096K, 12 young (49152K), 2 survivors (8192K)
 Metaspace       used 67085K, committed 67776K, reserved 1114112K
  class space    used 8846K, committed 9152K, reserved 1048576K
}
Event: 2.459 GC heap after
{Heap after GC invocations=17 (full 0):
 garbage-first heap   total 81920K, used 23717K [0x000000060c800000, 0x0000000800000000)
  region size 4096K, 2 young (8192K), 2 survivors (8192K)
 Metaspace       used 67085K, committed 67776K, reserved 1114112K
  class space    used 8846K, committed 9152K, reserved 1048576K
}
Event: 2.655 GC heap before
{Heap before GC invocations=17 (full 0):
 garbage-first heap   total 81920K, used 64677K [0x000000060c800000, 0x0000000800000000)
  region size 4096K, 12 young (49152K), 2 survivors (8192K)
 Metaspace       used 70941K, committed 71616K, reserved 1114112K
  class space    used 9323K, committed 9600K, reserved 1048576K
}
Event: 2.658 GC heap after
{Heap after GC invocations=18 (full 0):
 garbage-first heap   total 299008K, used 25710K [0x000000060c800000, 0x0000000800000000)
  region size 4096K, 1 young (4096K), 1 survivors (4096K)
 Metaspace       used 70941K, committed 71616K, reserved 1114112K
  class space    used 9323K, committed 9600K, reserved 1048576K
}

Dll operation events (12 events):
Event: 0.004 Loaded shared library E:\Programs File\sts-4.26.0.RELEASE\plugins\org.eclipse.justj.openjdk.hotspot.jre.full.win32.x86_64_21.0.4.v20240802-1551\jre\bin\java.dll
Event: 0.007 Loaded shared library E:\Programs File\sts-4.26.0.RELEASE\plugins\org.eclipse.justj.openjdk.hotspot.jre.full.win32.x86_64_21.0.4.v20240802-1551\jre\bin\zip.dll
Event: 0.109 Loaded shared library E:\Programs File\sts-4.26.0.RELEASE\plugins\org.eclipse.justj.openjdk.hotspot.jre.full.win32.x86_64_21.0.4.v20240802-1551\jre\bin\instrument.dll
Event: 0.115 Loaded shared library E:\Programs File\sts-4.26.0.RELEASE\plugins\org.eclipse.justj.openjdk.hotspot.jre.full.win32.x86_64_21.0.4.v20240802-1551\jre\bin\net.dll
Event: 0.115 Loaded shared library E:\Programs File\sts-4.26.0.RELEASE\plugins\org.eclipse.justj.openjdk.hotspot.jre.full.win32.x86_64_21.0.4.v20240802-1551\jre\bin\nio.dll
Event: 0.119 Loaded shared library E:\Programs File\sts-4.26.0.RELEASE\plugins\org.eclipse.justj.openjdk.hotspot.jre.full.win32.x86_64_21.0.4.v20240802-1551\jre\bin\zip.dll
Event: 0.195 Loaded shared library E:\Programs File\sts-4.26.0.RELEASE\plugins\org.eclipse.justj.openjdk.hotspot.jre.full.win32.x86_64_21.0.4.v20240802-1551\jre\bin\jimage.dll
Event: 0.220 Loaded shared library E:\Programs File\sts-4.26.0.RELEASE\plugins\org.eclipse.justj.openjdk.hotspot.jre.full.win32.x86_64_21.0.4.v20240802-1551\jre\bin\management.dll
Event: 0.225 Loaded shared library E:\Programs File\sts-4.26.0.RELEASE\plugins\org.eclipse.justj.openjdk.hotspot.jre.full.win32.x86_64_21.0.4.v20240802-1551\jre\bin\management_ext.dll
Event: 0.321 Loaded shared library E:\Programs File\sts-4.26.0.RELEASE\plugins\org.eclipse.justj.openjdk.hotspot.jre.full.win32.x86_64_21.0.4.v20240802-1551\jre\bin\extnet.dll
Event: 0.335 Loaded shared library E:\Programs File\sts-4.26.0.RELEASE\plugins\org.eclipse.justj.openjdk.hotspot.jre.full.win32.x86_64_21.0.4.v20240802-1551\jre\bin\verify.dll
Event: 0.806 Loaded shared library E:\Programs File\sts-4.26.0.RELEASE\plugins\org.eclipse.justj.openjdk.hotspot.jre.full.win32.x86_64_21.0.4.v20240802-1551\jre\bin\sunmscapi.dll

Deoptimization events (20 events):
Event: 53.709 Thread 0x000002aa8f367e70 DEOPT PACKING pc=0x000002aafa0cff74 sp=0x000000b32e7feb90
Event: 53.709 Thread 0x000002aa8f367e70 DEOPT UNPACKING pc=0x000002aaf95488e2 sp=0x000000b32e7fe080 mode 1
Event: 54.211 Thread 0x000002aa8f367e70 DEOPT PACKING pc=0x000002aafa0d0a14 sp=0x000000b32e7fe9e0
Event: 54.211 Thread 0x000002aa8f367e70 DEOPT UNPACKING pc=0x000002aaf95488e2 sp=0x000000b32e7fdee0 mode 1
Event: 54.211 Thread 0x000002aa8f367e70 DEOPT PACKING pc=0x000002aafa0cff74 sp=0x000000b32e7feb90
Event: 54.211 Thread 0x000002aa8f367e70 DEOPT UNPACKING pc=0x000002aaf95488e2 sp=0x000000b32e7fe080 mode 1
Event: 54.762 Thread 0x000002aa8f367e70 DEOPT PACKING pc=0x000002aafa0d0a14 sp=0x000000b32e7fe9e0
Event: 54.762 Thread 0x000002aa8f367e70 DEOPT UNPACKING pc=0x000002aaf95488e2 sp=0x000000b32e7fdee0 mode 1
Event: 54.762 Thread 0x000002aa8f367e70 DEOPT PACKING pc=0x000002aafa0cff74 sp=0x000000b32e7feb90
Event: 54.762 Thread 0x000002aa8f367e70 DEOPT UNPACKING pc=0x000002aaf95488e2 sp=0x000000b32e7fe080 mode 1
Event: 55.296 Thread 0x000002aa8f367e70 DEOPT PACKING pc=0x000002aafa0d0a14 sp=0x000000b32e7fe9e0
Event: 55.296 Thread 0x000002aa8f367e70 DEOPT UNPACKING pc=0x000002aaf95488e2 sp=0x000000b32e7fdee0 mode 1
Event: 55.296 Thread 0x000002aa8f367e70 DEOPT PACKING pc=0x000002aafa0cff74 sp=0x000000b32e7feb90
Event: 55.296 Thread 0x000002aa8f367e70 DEOPT UNPACKING pc=0x000002aaf95488e2 sp=0x000000b32e7fe080 mode 1
Event: 55.798 Thread 0x000002aa8f367e70 DEOPT PACKING pc=0x000002aafa0d0a14 sp=0x000000b32e7fe9e0
Event: 55.798 Thread 0x000002aa8f367e70 DEOPT UNPACKING pc=0x000002aaf95488e2 sp=0x000000b32e7fdee0 mode 1
Event: 55.798 Thread 0x000002aa8f367e70 DEOPT PACKING pc=0x000002aafa0cff74 sp=0x000000b32e7feb90
Event: 55.798 Thread 0x000002aa8f367e70 DEOPT UNPACKING pc=0x000002aaf95488e2 sp=0x000000b32e7fe080 mode 1
Event: 56.061 Thread 0x000002aaf59fc280 DEOPT PACKING pc=0x000002aaf9948094 sp=0x000000b32c0fe460
Event: 56.061 Thread 0x000002aaf59fc280 DEOPT UNPACKING pc=0x000002aaf95488e2 sp=0x000000b32c0fd918 mode 0

Classes loaded (20 events):
Event: 2.600 Loading class java/util/WeakHashMap$EntrySet
Event: 2.600 Loading class java/util/WeakHashMap$EntrySet done
Event: 2.600 Loading class java/util/WeakHashMap$EntryIterator
Event: 2.600 Loading class java/util/WeakHashMap$EntryIterator done
Event: 2.614 Loading class java/lang/Package$1PackageInfoProxy
Event: 2.614 Loading class java/lang/Package$1PackageInfoProxy done
Event: 2.622 Loading class java/util/stream/ReduceOps$5
Event: 2.622 Loading class java/util/stream/ReduceOps$5 done
Event: 2.622 Loading class java/util/stream/ReduceOps$CountingSink$OfRef
Event: 2.622 Loading class java/util/stream/ReduceOps$CountingSink$OfRef done
Event: 2.634 Loading class java/lang/Character$UnicodeBlock
Event: 2.635 Loading class java/lang/Character$Subset
Event: 2.635 Loading class java/lang/Character$Subset done
Event: 2.635 Loading class java/lang/Character$UnicodeBlock done
Event: 2.659 Loading class java/util/regex/Pattern$Bound
Event: 2.659 Loading class java/util/regex/Pattern$Bound done
Event: 2.659 Loading class java/util/regex/Pattern$Behind
Event: 2.659 Loading class java/util/regex/Pattern$Behind done
Event: 2.659 Loading class java/util/regex/Pattern$GroupCurly
Event: 2.659 Loading class java/util/regex/Pattern$GroupCurly done

Classes unloaded (0 events):
No events

Classes redefined (1 events):
Event: 56.069 Thread 0x000002aa8e03bf30 redefined class name=ec.com.saviasoft.operaciones.ctrl.UsuarioController, count=1

Internal exceptions (20 events):
Event: 2.367 Thread 0x000002aaf59fc280 Exception <a 'java/lang/NoSuchMethodError'{0x0000000610ab4b90}: 'void java.lang.invoke.DirectMethodHandle$Holder.invokeSpecial(java.lang.Object, java.lang.Object, int, java.lang.Object)'> (0x0000000610ab4b90) 
thrown [s\src\hotspot\share\interpreter\linkResolver.cpp, line 773]
Event: 2.367 Thread 0x000002aaf59fc280 Exception <a 'java/lang/IncompatibleClassChangeError'{0x0000000610abb238}: Found class java.lang.Object, but interface was expected> (0x0000000610abb238) 
thrown [s\src\hotspot\share\interpreter\linkResolver.cpp, line 840]
Event: 2.382 Thread 0x000002aaf59fc280 Exception <a 'java/lang/NoSuchMethodError'{0x00000006107a5b00}: 'java.lang.Object java.lang.invoke.DirectMethodHandle$Holder.newInvokeSpecial(java.lang.Object, java.lang.Object, java.lang.Object, java.lang.Object, java.lang.Object, int, java.lang.Object)'> (0x00000006107a5b00) 
thrown [s\src\hotspot\share\interpreter\linkResolver.cpp, line 773]
Event: 2.384 Thread 0x000002aaf59fc280 Exception <a 'java/lang/NoSuchMethodError'{0x0000000610019240}: 'java.lang.Object java.lang.invoke.DirectMethodHandle$Holder.newInvokeSpecial(java.lang.Object, java.lang.Object, java.lang.Object, java.lang.Object, java.lang.Object, java.lang.Object, java.lang.Object, java.lang.Object, java.lang.Object, java.lang.Object, java.lang.Object, java.lang.Object)'> (0x0000000610019240) 
thrown [s\src\hotspot\share\interpreter\linkResolver.cpp, line 773]
Event: 2.384 Thread 0x000002aaf59fc280 Exception <a 'java/lang/NoSuchMethodError'{0x000000061001db68}: 'java.lang.Object java.lang.invoke.DirectMethodHandle$Holder.invokeSpecial(java.lang.Object, java.lang.Object, java.lang.Object, java.lang.Object, java.lang.Object, java.lang.Object, java.lang.Object, java.lang.Object, java.lang.Object, java.lang.Object, java.lang.Object, java.lang.Object, java.lang.Object)'> (0x000000061001db68) 
thrown [s\src\hotspot\share\interpreter\linkResolver.cpp, line 773]
Event: 2.384 Thread 0x000002aaf59fc280 Exception <a 'java/lang/NoSuchMethodError'{0x0000000610022050}: 'java.lang.Object java.lang.invoke.Invokers$Holder.linkToTargetMethod(java.lang.Object, java.lang.Object, java.lang.Object, java.lang.Object, java.lang.Object, java.lang.Object, java.lang.Object, java.lang.Object, java.lang.Object, java.lang.Object, java.lang.Object, java.lang.Object)'> (0x0000000610022050) 
thrown [s\src\hotspot\share\interpreter\linkResolver.cpp, line 773]
Event: 2.401 Thread 0x000002aaf59fc280 Exception <a 'java/lang/IncompatibleClassChangeError'{0x000000060fd06288}: Found class java.lang.Object, but interface was expected> (0x000000060fd06288) 
thrown [s\src\hotspot\share\interpreter\linkResolver.cpp, line 840]
Event: 2.406 Thread 0x000002aaf59fc280 Exception <a 'java/lang/NoSuchMethodError'{0x000000060fe4c130}: 'java.lang.Object java.lang.invoke.DirectMethodHandle$Holder.newInvokeSpecial(java.lang.Object, java.lang.Object, java.lang.Object, java.lang.Object, java.lang.Object, java.lang.Object, java.lang.Object, int)'> (0x000000060fe4c130) 
thrown [s\src\hotspot\share\interpreter\linkResolver.cpp, line 773]
Event: 2.406 Thread 0x000002aaf59fc280 Exception <a 'java/lang/NoSuchMethodError'{0x000000060fe50770}: 'java.lang.Object java.lang.invoke.DirectMethodHandle$Holder.invokeSpecial(java.lang.Object, java.lang.Object, java.lang.Object, java.lang.Object, java.lang.Object, java.lang.Object, java.lang.Object, java.lang.Object, int)'> (0x000000060fe50770) 
thrown [s\src\hotspot\share\interpreter\linkResolver.cpp, line 773]
Event: 2.406 Thread 0x000002aaf59fc280 Exception <a 'java/lang/NoSuchMethodError'{0x000000060fe54798}: 'java.lang.Object java.lang.invoke.Invokers$Holder.linkToTargetMethod(java.lang.Object, java.lang.Object, java.lang.Object, java.lang.Object, java.lang.Object, java.lang.Object, int, java.lang.Object)'> (0x000000060fe54798) 
thrown [s\src\hotspot\share\interpreter\linkResolver.cpp, line 773]
Event: 2.419 Thread 0x000002aaf59fc280 Exception <a 'java/lang/NoSuchMethodError'{0x000000060f9aefa0}: 'java.lang.Object java.lang.invoke.DirectMethodHandle$Holder.newInvokeSpecial(java.lang.Object, java.lang.Object, int, java.lang.Object, int, java.lang.Object, java.lang.Object)'> (0x000000060f9aefa0) 
thrown [s\src\hotspot\share\interpreter\linkResolver.cpp, line 773]
Event: 2.422 Thread 0x000002aaf59fc280 Exception <a 'java/lang/NoSuchMethodError'{0x000000060fa9f570}: 'void java.lang.invoke.DirectMethodHandle$Holder.invokeInterface(java.lang.Object, java.lang.Object)'> (0x000000060fa9f570) 
thrown [s\src\hotspot\share\interpreter\linkResolver.cpp, line 773]
Event: 2.488 Thread 0x000002aaf59fc280 Exception <a 'java/lang/NoSuchMethodError'{0x000000062ba76710}: 'java.lang.Object java.lang.invoke.DirectMethodHandle$Holder.invokeSpecial(java.lang.Object, java.lang.Object, int, java.lang.Object, int)'> (0x000000062ba76710) 
thrown [s\src\hotspot\share\interpreter\linkResolver.cpp, line 773]
Event: 2.511 Thread 0x000002aaf59fc280 Exception <a 'java/lang/NoSuchMethodError'{0x000000062bbcf428}: 'void java.lang.invoke.Invokers$Holder.invokeExact_MT(java.lang.Object, java.lang.Object, java.lang.Object, java.lang.Object)'> (0x000000062bbcf428) 
thrown [s\src\hotspot\share\interpreter\linkResolver.cpp, line 773]
Event: 2.537 Thread 0x000002aaf59fc280 Exception <a 'java/lang/IncompatibleClassChangeError'{0x0000000613ea4858}: Found class java.lang.Object, but interface was expected> (0x0000000613ea4858) 
thrown [s\src\hotspot\share\interpreter\linkResolver.cpp, line 840]
Event: 2.553 Thread 0x000002aaf59fc280 Exception <a 'java/lang/IncompatibleClassChangeError'{0x0000000610adfa68}: Found class java.lang.Object, but interface was expected> (0x0000000610adfa68) 
thrown [s\src\hotspot\share\interpreter\linkResolver.cpp, line 840]
Event: 2.611 Thread 0x000002aaf59fc280 Exception <a 'java/lang/IncompatibleClassChangeError'{0x000000060f9f82d0}: Found class java.lang.Object, but interface was expected> (0x000000060f9f82d0) 
thrown [s\src\hotspot\share\interpreter\linkResolver.cpp, line 840]
Event: 2.642 Thread 0x000002aaf59fc280 Exception <a 'java/lang/IncompatibleClassChangeError'{0x000000060f094360}: Found class java.lang.Object, but interface was expected> (0x000000060f094360) 
thrown [s\src\hotspot\share\interpreter\linkResolver.cpp, line 840]
Event: 2.642 Thread 0x000002aaf59fc280 Exception <a 'java/lang/IncompatibleClassChangeError'{0x000000060f099cd8}: Found class java.lang.Object, but interface was expected> (0x000000060f099cd8) 
thrown [s\src\hotspot\share\interpreter\linkResolver.cpp, line 840]
Event: 2.667 Thread 0x000002aaf59fc280 Exception <a 'java/lang/NoSuchMethodError'{0x000000062b9d9c30}: 'java.lang.Object java.lang.invoke.DirectMethodHandle$Holder.invokeStatic(java.lang.Object, int, java.lang.Object)'> (0x000000062b9d9c30) 
thrown [s\src\hotspot\share\interpreter\linkResolver.cpp, line 773]

ZGC Phase Switch (0 events):
No events

VM Operations (20 events):
Event: 23.671 Executing VM operation: Cleanup
Event: 23.671 Executing VM operation: Cleanup done
Event: 28.704 Executing VM operation: Cleanup
Event: 28.704 Executing VM operation: Cleanup done
Event: 31.720 Executing VM operation: Cleanup
Event: 31.720 Executing VM operation: Cleanup done
Event: 34.736 Executing VM operation: Cleanup
Event: 34.736 Executing VM operation: Cleanup done
Event: 49.857 Executing VM operation: Cleanup
Event: 49.857 Executing VM operation: Cleanup done
Event: 51.873 Executing VM operation: Cleanup
Event: 51.873 Executing VM operation: Cleanup done
Event: 56.061 Executing VM operation: ChangeSingleStep
Event: 56.061 Executing VM operation: ChangeSingleStep done
Event: 56.061 Executing VM operation: ChangeSingleStep
Event: 56.061 Executing VM operation: ChangeSingleStep done
Event: 56.066 Executing VM operation: RedefineClasses
Event: 56.077 Executing VM operation: RedefineClasses done
Event: 56.078 Executing VM operation: ChangeSingleStep
Event: 56.078 Executing VM operation: ChangeSingleStep done

Memory protections (0 events):
No events

Nmethod flushes (20 events):
Event: 2.144 Thread 0x000002aa8e03bf30 flushing  nmethod 0x000002aaf99e1a90
Event: 2.144 Thread 0x000002aa8e03bf30 flushing  nmethod 0x000002aaf9be5710
Event: 2.144 Thread 0x000002aa8e03bf30 flushing  nmethod 0x000002aaf9e5ee10
Event: 2.144 Thread 0x000002aa8e03bf30 flushing  nmethod 0x000002aaf9856510
Event: 2.144 Thread 0x000002aa8e03bf30 flushing  nmethod 0x000002aaf99f2910
Event: 2.144 Thread 0x000002aa8e03bf30 flushing  nmethod 0x000002aaf9bc0210
Event: 2.144 Thread 0x000002aa8e03bf30 flushing  nmethod 0x000002aaf9c3ff90
Event: 2.144 Thread 0x000002aa8e03bf30 flushing  nmethod 0x000002aaf9e72990
Event: 2.144 Thread 0x000002aa8e03bf30 flushing  nmethod 0x000002aaf9892810
Event: 2.144 Thread 0x000002aa8e03bf30 flushing  nmethod 0x000002aaf9e64510
Event: 2.144 Thread 0x000002aa8e03bf30 flushing  nmethod 0x000002aaf9f36010
Event: 2.144 Thread 0x000002aa8e03bf30 flushing  nmethod 0x000002aaf9c28b90
Event: 2.144 Thread 0x000002aa8e03bf30 flushing  nmethod 0x000002aaf98a6490
Event: 2.144 Thread 0x000002aa8e03bf30 flushing  nmethod 0x000002aaf9f0dd10
Event: 2.144 Thread 0x000002aa8e03bf30 flushing  nmethod 0x000002aaf9f10090
Event: 2.144 Thread 0x000002aa8e03bf30 flushing  nmethod 0x000002aaf97ae390
Event: 2.144 Thread 0x000002aa8e03bf30 flushing  nmethod 0x000002aaf97af110
Event: 2.144 Thread 0x000002aa8e03bf30 flushing  nmethod 0x000002aaf9a8bb10
Event: 2.144 Thread 0x000002aa8e03bf30 flushing  nmethod 0x000002aaf9a8df10
Event: 2.144 Thread 0x000002aa8e03bf30 flushing  nmethod 0x000002aaf9a8e590

Events (20 events):
Event: 0.803 Thread 0x000002aaf59fc280 Thread added: 0x000002aa8f5bcb90
Event: 0.816 Thread 0x000002aa8f5bb7e0 Thread exited: 0x000002aa8f5bb7e0
Event: 0.817 Thread 0x000002aa8f5bcb90 Thread exited: 0x000002aa8f5bcb90
Event: 1.407 Thread 0x000002aaf59fc280 Thread added: 0x000002aa905abd60
Event: 1.407 Thread 0x000002aa905abd60 Thread added: 0x000002aa905ab040
Event: 1.409 Thread 0x000002aaf59fc280 Thread added: 0x000002aa905ab6d0
Event: 1.811 Thread 0x000002aaf59fc280 Thread added: 0x000002aa905ac3f0
Event: 1.818 Thread 0x000002aaf59fc280 Thread added: 0x000002aa905ad110
Event: 1.922 Thread 0x000002aa905ad110 Thread added: 0x000002aa905aca80
Event: 3.224 Thread 0x000002aa8f6fe750 Thread exited: 0x000002aa8f6fe750
Event: 3.224 Thread 0x000002aa8f6fb9c0 Thread exited: 0x000002aa8f6fb9c0
Event: 3.725 Thread 0x000002aa8edcdd60 Thread exited: 0x000002aa8edcdd60
Event: 4.251 Thread 0x000002aa8edc97a0 Thread exited: 0x000002aa8edc97a0
Event: 4.251 Thread 0x000002aa8e0d5290 Thread exited: 0x000002aa8e0d5290
Event: 4.803 Thread 0x000002aa8e297450 Thread exited: 0x000002aa8e297450
Event: 7.502 Thread 0x000002aa905aca80 Thread exited: 0x000002aa905aca80
Event: 43.962 Thread 0x000002aa8e0e2380 Thread added: 0x000002aa8edc97a0
Event: 44.464 Thread 0x000002aa8edc97a0 Thread exited: 0x000002aa8edc97a0
Event: 48.481 Thread 0x000002aa8e0e2380 Thread added: 0x000002aa8edc97a0
Event: 48.982 Thread 0x000002aa8edc97a0 Thread exited: 0x000002aa8edc97a0


Dynamic libraries:
0x00007ff77d620000 - 0x00007ff77d62e000 	E:\Programs File\sts-4.26.0.RELEASE\plugins\org.eclipse.justj.openjdk.hotspot.jre.full.win32.x86_64_21.0.4.v20240802-1551\jre\bin\javaw.exe
0x00007fff502d0000 - 0x00007fff504e7000 	C:\Windows\SYSTEM32\ntdll.dll
0x00007fff4f380000 - 0x00007fff4f444000 	C:\Windows\System32\KERNEL32.DLL
0x00007fff4d9e0000 - 0x00007fff4ddb0000 	C:\Windows\System32\KERNELBASE.dll
0x00007fff4d8c0000 - 0x00007fff4d9d1000 	C:\Windows\System32\ucrtbase.dll
0x00007fff2ec30000 - 0x00007fff2ec48000 	E:\Programs File\sts-4.26.0.RELEASE\plugins\org.eclipse.justj.openjdk.hotspot.jre.full.win32.x86_64_21.0.4.v20240802-1551\jre\bin\jli.dll
0x00007fff2eda0000 - 0x00007fff2edbb000 	E:\Programs File\sts-4.26.0.RELEASE\plugins\org.eclipse.justj.openjdk.hotspot.jre.full.win32.x86_64_21.0.4.v20240802-1551\jre\bin\VCRUNTIME140.dll
0x00007fff4e320000 - 0x00007fff4e4ce000 	C:\Windows\System32\USER32.dll
0x00007fff4df90000 - 0x00007fff4dfb6000 	C:\Windows\System32\win32u.dll
0x00007fff40e00000 - 0x00007fff41092000 	C:\Windows\WinSxS\amd64_microsoft.windows.common-controls_6595b64144ccf1df_6.0.22621.4830_none_270fe7d773858e80\COMCTL32.dll
0x00007fff4e020000 - 0x00007fff4e049000 	C:\Windows\System32\GDI32.dll
0x00007fff4e050000 - 0x00007fff4e0f7000 	C:\Windows\System32\msvcrt.dll
0x00007fff4ddb0000 - 0x00007fff4decb000 	C:\Windows\System32\gdi32full.dll
0x00007fff4d580000 - 0x00007fff4d61a000 	C:\Windows\System32\msvcp_win.dll
0x00007fff4ef20000 - 0x00007fff4ef51000 	C:\Windows\System32\IMM32.DLL
0x00007fff2ee70000 - 0x00007fff2ee7c000 	E:\Programs File\sts-4.26.0.RELEASE\plugins\org.eclipse.justj.openjdk.hotspot.jre.full.win32.x86_64_21.0.4.v20240802-1551\jre\bin\vcruntime140_1.dll
0x00007fff29a90000 - 0x00007fff29b1e000 	E:\Programs File\sts-4.26.0.RELEASE\plugins\org.eclipse.justj.openjdk.hotspot.jre.full.win32.x86_64_21.0.4.v20240802-1551\jre\bin\msvcp140.dll
0x00007ffe667c0000 - 0x00007ffe67548000 	E:\Programs File\sts-4.26.0.RELEASE\plugins\org.eclipse.justj.openjdk.hotspot.jre.full.win32.x86_64_21.0.4.v20240802-1551\jre\bin\server\jvm.dll
0x00007fff4e850000 - 0x00007fff4e901000 	C:\Windows\System32\ADVAPI32.dll
0x00007fff4e270000 - 0x00007fff4e317000 	C:\Windows\System32\sechost.dll
0x00007fff4d720000 - 0x00007fff4d748000 	C:\Windows\System32\bcrypt.dll
0x00007fff4e980000 - 0x00007fff4ea94000 	C:\Windows\System32\RPCRT4.dll
0x00007fff50210000 - 0x00007fff50281000 	C:\Windows\System32\WS2_32.dll
0x00007fff3f440000 - 0x00007fff3f474000 	C:\Windows\SYSTEM32\WINMM.dll
0x00007fff4ce30000 - 0x00007fff4ce7d000 	C:\Windows\SYSTEM32\POWRPROF.dll
0x00007fff45f30000 - 0x00007fff45f3a000 	C:\Windows\SYSTEM32\VERSION.dll
0x00007fff4ce00000 - 0x00007fff4ce13000 	C:\Windows\SYSTEM32\UMPDC.dll
0x00007fff4c580000 - 0x00007fff4c598000 	C:\Windows\SYSTEM32\kernel.appcore.dll
0x00007fff3c120000 - 0x00007fff3c12a000 	E:\Programs File\sts-4.26.0.RELEASE\plugins\org.eclipse.justj.openjdk.hotspot.jre.full.win32.x86_64_21.0.4.v20240802-1551\jre\bin\jimage.dll
0x00007fff46540000 - 0x00007fff46772000 	C:\Windows\SYSTEM32\DBGHELP.DLL
0x00007fff4eff0000 - 0x00007fff4f380000 	C:\Windows\System32\combase.dll
0x00007fff4f590000 - 0x00007fff4f667000 	C:\Windows\System32\OLEAUT32.dll
0x00007fff45bb0000 - 0x00007fff45be2000 	C:\Windows\SYSTEM32\dbgcore.DLL
0x00007fff4d620000 - 0x00007fff4d69b000 	C:\Windows\System32\bcryptPrimitives.dll
0x00007fff2dc60000 - 0x00007fff2dc9c000 	E:\Programs File\sts-4.26.0.RELEASE\plugins\org.eclipse.justj.openjdk.hotspot.jre.full.win32.x86_64_21.0.4.v20240802-1551\jre\bin\jdwp.dll
0x00007fff3e600000 - 0x00007fff3e60f000 	E:\Programs File\sts-4.26.0.RELEASE\plugins\org.eclipse.justj.openjdk.hotspot.jre.full.win32.x86_64_21.0.4.v20240802-1551\jre\bin\instrument.dll
0x00007fff2ef40000 - 0x00007fff2ef5f000 	E:\Programs File\sts-4.26.0.RELEASE\plugins\org.eclipse.justj.openjdk.hotspot.jre.full.win32.x86_64_21.0.4.v20240802-1551\jre\bin\java.dll
0x00007fff2ef20000 - 0x00007fff2ef38000 	E:\Programs File\sts-4.26.0.RELEASE\plugins\org.eclipse.justj.openjdk.hotspot.jre.full.win32.x86_64_21.0.4.v20240802-1551\jre\bin\zip.dll
0x00007fff4f960000 - 0x00007fff501d8000 	C:\Windows\System32\SHELL32.dll
0x00007fff4b480000 - 0x00007fff4bd90000 	C:\Windows\SYSTEM32\windows.storage.dll
0x00007fff4b340000 - 0x00007fff4b47f000 	C:\Windows\SYSTEM32\wintypes.dll
0x00007fff4f450000 - 0x00007fff4f55a000 	C:\Windows\System32\SHCORE.dll
0x00007fff4dfc0000 - 0x00007fff4e01e000 	C:\Windows\System32\shlwapi.dll
0x00007fff4d4b0000 - 0x00007fff4d4db000 	C:\Windows\SYSTEM32\profapi.dll
0x00007fff3e5f0000 - 0x00007fff3e5fb000 	E:\Programs File\sts-4.26.0.RELEASE\plugins\org.eclipse.justj.openjdk.hotspot.jre.full.win32.x86_64_21.0.4.v20240802-1551\jre\bin\dt_socket.dll
0x00007fff4bff0000 - 0x00007fff4c01d000 	C:\Windows\SYSTEM32\IPHLPAPI.DLL
0x00007fff4c9f0000 - 0x00007fff4ca5a000 	C:\Windows\system32\mswsock.dll
0x00007fff4c020000 - 0x00007fff4c122000 	C:\Windows\SYSTEM32\DNSAPI.dll
0x00007fff4efe0000 - 0x00007fff4efe9000 	C:\Windows\System32\NSI.dll
0x00007fff46920000 - 0x00007fff4692a000 	C:\Windows\System32\rasadhlp.dll
0x00007fff47a90000 - 0x00007fff47b13000 	C:\Windows\System32\fwpuclnt.dll
0x00007fff3bee0000 - 0x00007fff3bef0000 	E:\Programs File\sts-4.26.0.RELEASE\plugins\org.eclipse.justj.openjdk.hotspot.jre.full.win32.x86_64_21.0.4.v20240802-1551\jre\bin\net.dll
0x00007fff482d0000 - 0x00007fff483fc000 	C:\Windows\SYSTEM32\WINHTTP.dll
0x00007fff2ef00000 - 0x00007fff2ef16000 	E:\Programs File\sts-4.26.0.RELEASE\plugins\org.eclipse.justj.openjdk.hotspot.jre.full.win32.x86_64_21.0.4.v20240802-1551\jre\bin\nio.dll
0x00007fff2e7e0000 - 0x00007fff2e7ea000 	E:\Programs File\sts-4.26.0.RELEASE\plugins\org.eclipse.justj.openjdk.hotspot.jre.full.win32.x86_64_21.0.4.v20240802-1551\jre\bin\management.dll
0x00007fff2e7d0000 - 0x00007fff2e7db000 	E:\Programs File\sts-4.26.0.RELEASE\plugins\org.eclipse.justj.openjdk.hotspot.jre.full.win32.x86_64_21.0.4.v20240802-1551\jre\bin\management_ext.dll
0x00007fff4f560000 - 0x00007fff4f568000 	C:\Windows\System32\PSAPI.DLL
0x00007fff3b7e0000 - 0x00007fff3b7f7000 	C:\Windows\system32\napinsp.dll
0x00007fff3b0b0000 - 0x00007fff3b0cb000 	C:\Windows\system32\pnrpnsp.dll
0x00007fff3af10000 - 0x00007fff3af21000 	C:\Windows\System32\winrnr.dll
0x00007fff3ae30000 - 0x00007fff3ae45000 	C:\Windows\system32\wshbth.dll
0x00007fff3ae00000 - 0x00007fff3ae27000 	C:\Windows\system32\nlansp_c.dll
0x00007fff4cdb0000 - 0x00007fff4cdcb000 	C:\Windows\SYSTEM32\CRYPTSP.dll
0x00007fff4c4e0000 - 0x00007fff4c515000 	C:\Windows\system32\rsaenh.dll
0x00007fff4ca90000 - 0x00007fff4cab8000 	C:\Windows\SYSTEM32\USERENV.dll
0x00007fff4cd90000 - 0x00007fff4cd9c000 	C:\Windows\SYSTEM32\CRYPTBASE.dll
0x00007fff2e7c0000 - 0x00007fff2e7c9000 	E:\Programs File\sts-4.26.0.RELEASE\plugins\org.eclipse.justj.openjdk.hotspot.jre.full.win32.x86_64_21.0.4.v20240802-1551\jre\bin\extnet.dll
0x00007fff392c0000 - 0x00007fff392d0000 	E:\Programs File\sts-4.26.0.RELEASE\plugins\org.eclipse.justj.openjdk.hotspot.jre.full.win32.x86_64_21.0.4.v20240802-1551\jre\bin\verify.dll
0x00007fff37e90000 - 0x00007fff37e9e000 	E:\Programs File\sts-4.26.0.RELEASE\plugins\org.eclipse.justj.openjdk.hotspot.jre.full.win32.x86_64_21.0.4.v20240802-1551\jre\bin\sunmscapi.dll
0x00007fff4d750000 - 0x00007fff4d8b6000 	C:\Windows\System32\CRYPT32.dll
0x00007fff4cf20000 - 0x00007fff4cf4d000 	C:\Windows\SYSTEM32\ncrypt.dll
0x00007fff4cee0000 - 0x00007fff4cf17000 	C:\Windows\SYSTEM32\NTASN1.dll

dbghelp: loaded successfully - version: 4.0.5 - missing functions: none
symbol engine: initialized successfully - sym options: 0x614 - pdb path: .;E:\Programs File\sts-4.26.0.RELEASE\plugins\org.eclipse.justj.openjdk.hotspot.jre.full.win32.x86_64_21.0.4.v20240802-1551\jre\bin;C:\Windows\SYSTEM32;C:\Windows\WinSxS\amd64_microsoft.windows.common-controls_6595b64144ccf1df_6.0.22621.4830_none_270fe7d773858e80;E:\Programs File\sts-4.26.0.RELEASE\plugins\org.eclipse.justj.openjdk.hotspot.jre.full.win32.x86_64_21.0.4.v20240802-1551\jre\bin\server

VM Arguments:
jvm_args: -XX:+ShowCodeDetailsInExceptionMessages -agentlib:jdwp=transport=dt_socket,suspend=y,address=localhost:50593 -Dcom.sun.management.jmxremote -Dcom.sun.management.jmxremote.port=50592 -Dcom.sun.management.jmxremote.authenticate=false -Dcom.sun.management.jmxremote.ssl=false -Djava.rmi.server.hostname=localhost -Dspring.jmx.enabled=true -Dmanagement.endpoints.jmx.exposure.include=* -Dspring.application.admin.enabled=true -XX:TieredStopAtLevel=1 -Dspring.boot.project.name=operaciones -javaagent:E:\Programs File\sts-4.26.0.RELEASE\configuration\org.eclipse.osgi\271\0\.cp\lib\javaagent-shaded.jar -Dfile.encoding=UTF-8 -Dstdout.encoding=UTF-8 -Dstderr.encoding=UTF-8 
java_command: ec.com.saviasoft.operaciones.OperacionesApplication --spring.output.ansi.enabled=always
java_class_path (initial): C:\Users\jonas\Desktop\Operación\op\operaciones\target\classes;C:\Users\jonas\.m2\repository\org\springframework\boot\spring-boot-starter-web\3.4.1\spring-boot-starter-web-3.4.1.jar;C:\Users\jonas\.m2\repository\org\springframework\boot\spring-boot-starter\3.4.1\spring-boot-starter-3.4.1.jar;C:\Users\jonas\.m2\repository\org\springframework\boot\spring-boot\3.4.1\spring-boot-3.4.1.jar;C:\Users\jonas\.m2\repository\org\springframework\boot\spring-boot-autoconfigure\3.4.1\spring-boot-autoconfigure-3.4.1.jar;C:\Users\jonas\.m2\repository\org\springframework\boot\spring-boot-starter-logging\3.4.1\spring-boot-starter-logging-3.4.1.jar;C:\Users\jonas\.m2\repository\ch\qos\logback\logback-classic\1.5.12\logback-classic-1.5.12.jar;C:\Users\jonas\.m2\repository\ch\qos\logback\logback-core\1.5.12\logback-core-1.5.12.jar;C:\Users\jonas\.m2\repository\org\apache\logging\log4j\log4j-to-slf4j\2.24.3\log4j-to-slf4j-2.24.3.jar;C:\Users\jonas\.m2\repository\org\apache\logging\log4j\log4j-api\2.24.3\log4j-api-2.24.3.jar;C:\Users\jonas\.m2\repository\org\slf4j\jul-to-slf4j\2.0.16\jul-to-slf4j-2.0.16.jar;C:\Users\jonas\.m2\repository\jakarta\annotation\jakarta.annotation-api\2.1.1\jakarta.annotation-api-2.1.1.jar;C:\Users\jonas\.m2\repository\org\yaml\snakeyaml\2.3\snakeyaml-2.3.jar;C:\Users\jonas\.m2\repository\org\springframework\boot\spring-boot-starter-json\3.4.1\spring-boot-starter-json-3.4.1.jar;C:\Users\jonas\.m2\repository\com\fasterxml\jackson\core\jackson-databind\2.18.2\jackson-databind-2.18.2.jar;C:\Users\jonas\.m2\repository\com\fasterxml\jackson\core\jackson-annotations\2.18.2\jackson-annotations-2.18.2.jar;C:\Users\jonas\.m2\repository\com\fasterxml\jackson\core\jackson-core\2.18.2\jackson-core-2.18.2.jar;C:\Users\jonas\.m2\repository\com\fasterxml\jackson\datatype\jackson-datatype-jdk8\2.18.2\jackson-datatype-jdk8-2.18.2.jar;C:\Users\jonas\.m2\repository\com\fasterxml\jackson\datatype\jackson-datatype-jsr310\2.18.2\jackson-datatype-jsr310-2.18.2.jar;C:\Users\jonas\.m2\repository\com\fasterxml\jackson\module\jackson-module-parameter-names\2.18.2\jackson-module-parameter-names-2.18.2.jar;C:\Users\jonas\.m2\repository\org\springframework\boot\spring-boot-starter-tomcat\3.4.1\spring-boot-starter-tomcat-3.4.1.jar;C:\Users\jonas\.m2\repository\org\apache\tomcat\embed\tomcat-embed-core\10.1.34\tomcat-embed-core-10.1.34.jar;C:\Users\jonas\.m2\repository\org\apache\tomcat\embed\tomcat-embed-el\10.1.34\tomcat-embed-el-10.1.34.jar;C:\Users\jonas\.m2\repository\org\apache\tomcat\embed\tomcat-embed-websocket\10.1.34\tomcat-embed-websocket-10.1.34.jar;C:\Users\jonas\.m2\repository\org\springframework\spring-web\6.2.1\spring-web-6.2.1.jar;C:\Users\jonas\.m2\repository\org\springframework\spring-beans\6.2.1\spring-beans-6.2.1.jar;C:\Users\jonas\.m2\repository\io\micrometer\micrometer-observation\1.14.2\micrometer-observation-1.14.2.jar;C:\Users\jonas\.m2\repository\io\micrometer\micrometer-commons\1.14.2\micrometer-commons-1.14.2.jar;C:\Users\jonas\.m2\repository\org\springframework\spring-webmvc\6.2.1\spring-webmvc-6.2.1.jar;C:\Users\jonas\.m2\repository\org\springframework\spring-aop\6.2.1\spring-aop-6.2.1.jar;C:\Users\jonas\.m2\repository\org\springframework\spring-context\6.2.1\spring-context-6.2.1.jar;C:\Users\jonas\.m2\repository\org\springframework\spring-expression\6.2.1\spring-expression-6.2.1.jar;C:\Users\jonas\.m2\repository\org\springframework\boot\spring-boot-starter-data-jpa\3.4.1\spring-boot-starter-data-jpa-3.4.1.jar;C:\Users\jonas\.m2\repository\org\springframework\boot\spring-boot-starter-jdbc\3.4.1\spring-boot-starter-jdbc-3.4.1.jar;C:\Users\jonas\.m2\repository\com\zaxxer\HikariCP\5.1.0\HikariCP-5.1.0.jar;C:\Users\jonas\.m2\repository\org\springframework\spring-jdbc\6.2.1\spring-jdbc-6.2.1.jar;C:\Users\jonas\.m2\repository\org\hibernate\orm\hibernate-core\6.6.4.Final\hibernate-core-6.6.4.Final.jar;C:\Users\jonas\.m2\repository\jakarta\persistence\jakarta.persistence-api\3.1.0\jakarta.persistence-api-3.1.0.jar;C:\Users\jonas\.m2\repository\jakarta\transaction\jakarta.transaction-api\2.0.1\jakarta.transaction-api-2.0.1.jar;C:\Users\jonas\.m2\repository\org\jboss\logging\jboss-logging\3.6.1.Final\jboss-logging-3.6.1.Final.jar;C:\Users\jonas\.m2\repository\org\hibernate\common\hibernate-commons-annotations\7.0.3.Final\hibernate-commons-annotations-7.0.3.Final.jar;C:\Users\jonas\.m2\repository\io\smallrye\jandex\3.2.0\jandex-3.2.0.jar;C:\Users\jonas\.m2\repository\com\fasterxml\classmate\1.7.0\classmate-1.7.0.jar;C:\Users\jonas\.m2\repository\net\bytebuddy\byte-buddy\1.15.11\byte-buddy-1.15.11.jar;C:\Users\jonas\.m2\repository\org\glassfish\jaxb\jaxb-runtime\4.0.5\jaxb-runtime-4.0.5.jar;C:\Users\jonas\.m2\repository\org\glassfish\jaxb\jaxb-core\4.0.5\jaxb-core-4.0.5.jar;C:\Users\jonas\.m2\repository\org\eclipse\angus\angus-activation\2.0.2\angus-activation-2.0.2.jar;C:\Users\jonas\.m2\repository\org\glassfish\jaxb\txw2\4.0.5\txw2-4.0.5.jar;C:\Users\jonas\.m2\repository\com\sun\istack\istack-commons-runtime\4.1.2\istack-commons-runtime-4.1.2.jar;C:\Users\jonas\.m2\repository\jakarta\inject\jakarta.inject-api\2.0.1\jakarta.inject-api-2.0.1.jar;C:\Users\jonas\.m2\repository\org\antlr\antlr4-runtime\4.13.0\antlr4-runtime-4.13.0.jar;C:\Users\jonas\.m2\repository\org\springframework\data\spring-data-jpa\3.4.1\spring-data-jpa-3.4.1.jar;C:\Users\jonas\.m2\repository\org\springframework\data\spring-data-commons\3.4.1\spring-data-commons-3.4.1.jar;C:\Users\jonas\.m2\repository\org\springframework\spring-orm\6.2.1\spring-orm-6.2.1.jar;C:\Users\jonas\.m2\repository\org\springframework\spring-tx\6.2.1\spring-tx-6.2.1.jar;C:\Users\jonas\.m2\repository\org\slf4j\slf4j-api\2.0.16\slf4j-api-2.0.16.jar;C:\Users\jonas\.m2\repository\org\springframework\spring-aspects\6.2.1\spring-aspects-6.2.1.jar;C:\Users\jonas\.m2\repository\org\aspectj\aspectjweaver\1.9.22.1\aspectjweaver-1.9.22.1.jar;C:\Users\jonas\.m2\repository\org\postgresql\postgresql\42.7.4\postgresql-42.7.4.jar;C:\Users\jonas\.m2\repository\org\checkerframework\checker-qual\3.42.0\checker-qual-3.42.0.jar;C:\Users\jonas\.m2\repository\jakarta\xml\bind\jakarta.xml.bind-api\4.0.2\jakarta.xml.bind-api-4.0.2.jar;C:\Users\jonas\.m2\repository\jakarta\activation\jakarta.activation-api\2.1.3\jakarta.activation-api-2.1.3.jar;C:\Users\jonas\.m2\repository\org\springframework\spring-core\6.2.1\spring-core-6.2.1.jar;C:\Users\jonas\.m2\repository\org\springframework\spring-jcl\6.2.1\spring-jcl-6.2.1.jar
Launcher Type: SUN_STANDARD

[Global flags]
     intx CICompilerCount                          = 12                                        {product} {ergonomic}
     uint ConcGCThreads                            = 3                                         {product} {ergonomic}
     uint G1ConcRefinementThreads                  = 13                                        {product} {ergonomic}
   size_t G1HeapRegionSize                         = 4194304                                   {product} {ergonomic}
    uintx GCDrainStackTargetSize                   = 64                                        {product} {ergonomic}
   size_t InitialHeapSize                          = 524288000                                 {product} {ergonomic}
     bool ManagementServer                         = true                                      {product} {command line}
   size_t MarkStackSize                            = 4194304                                   {product} {ergonomic}
   size_t MaxHeapSize                              = 8380219392                                {product} {ergonomic}
   size_t MaxNewSize                               = 5024776192                                {product} {ergonomic}
   size_t MinHeapDeltaBytes                        = 4194304                                   {product} {ergonomic}
   size_t MinHeapSize                              = 8388608                                   {product} {ergonomic}
    uintx NonNMethodCodeHeapSize                   = 4096                                   {pd product} {ergonomic}
    uintx NonProfiledCodeHeapSize                  = 0                                      {pd product} {ergonomic}
     bool ProfileInterpreter                       = false                                  {pd product} {command line}
    uintx ProfiledCodeHeapSize                     = 0                                      {pd product} {ergonomic}
     bool ShowCodeDetailsInExceptionMessages       = true                                   {manageable} {command line}
   size_t SoftMaxHeapSize                          = 8380219392                             {manageable} {ergonomic}
     intx TieredStopAtLevel                        = 1                                         {product} {command line}
     bool UseCompressedOops                        = true                           {product lp64_product} {ergonomic}
     bool UseG1GC                                  = true                                      {product} {ergonomic}
     bool UseLargePagesIndividualAllocation        = false                                  {pd product} {ergonomic}

Logging:
Log output configuration:
 #0: stdout all=warning uptime,level,tags foldmultilines=false
 #1: stderr all=off uptime,level,tags foldmultilines=false

Environment Variables:
PATH=E:\Programs File\sts-4.26.0.RELEASE\plugins\org.eclipse.justj.openjdk.hotspot.jre.full.win32.x86_64_21.0.4.v20240802-1551\jre\bin;E:/Programs File/sts-4.26.0.RELEASE//plugins/org.eclipse.justj.openjdk.hotspot.jre.full.win32.x86_64_21.0.4.v20240802-1551/jre/bin/server;E:/Programs File/sts-4.26.0.RELEASE//plugins/org.eclipse.justj.openjdk.hotspot.jre.full.win32.x86_64_21.0.4.v20240802-1551/jre/bin;C:\Program Files\Common Files\Oracle\Java\javapath;C:\Program Files (x86)\Razer Chroma SDK\bin;C:\Program Files\Razer Chroma SDK\bin;C:\Program Files (x86)\Razer\ChromaBroadcast\bin;C:\Program Files\Razer\ChromaBroadcast\bin;C:\Windows\system32;C:\Windows;C:\Windows\System32\Wbem;C:\Windows\System32\WindowsPowerShell\v1.0\;C:\Windows\System32\OpenSSH\;C:\Program Files\Git\cmd;C:\Program Files\dotnet\;C:\Users\jonas\AppData\Roaming\nvm;C:\Program Files\nodejs;C:\Windows\system32\config\systemprofile\AppData\Local\Microsoft\WindowsApps;C:\Program Files\Go\bin;C:\Users\jonas\dev\flutter\bin;C:\Users\jonas\AppData\Local\Microsoft\WindowsApps;C:\Users\jonas\AppData\Local\Programs\Microsoft VS Code\bin;C:\Users\jonas\.dotnet\tools;C:\Users\jonas\go\bin;C:\xampp\php;C:\ProgramData\ComposerSetup\bin;C:\Program Files (x86)\Windows Kits\10\Windows Performance Toolkit\;C:\Program Files\PowerShell\7\;C:\Program Files\Docker\Docker\resources\bin;C:\Users\jonas\AppData\Local\pnpm;C:\gradle\gradle-8.7\bin;C:\Users\jonas\AppData\Roaming\Composer\vendor\bin;C:\Users\jonas\.deno\bin;C:\Program Files\JetBrains\PyCharm 2024.1.3\bin;E:\Programs File\PyCharm Community Edition 2024.1.3\bin;C:\maven\apache-maven-3.9.6\bin;E:\Programs File\IntelliJ IDEA Community Edition 2024.2.4\bin;E:\Programs File\WebStorm 2024.2.4\bin;C:\Users\jonas\.fly\bin;E:\Programs File\sts-4.26.0.RELEASE;
USERNAME=jonas
OS=Windows_NT
PROCESSOR_IDENTIFIER=AMD64 Family 25 Model 97 Stepping 2, AuthenticAMD
TMP=C:\Users\jonas\AppData\Local\Temp
TEMP=C:\Users\jonas\AppData\Local\Temp




Periodic native trim disabled

---------------  S Y S T E M  ---------------

OS:
 Windows 11 , 64 bit Build 22621 (10.0.22621.4830)
OS uptime: 0 days 8:24 hours
Hyper-V role detected

CPU: total 16 (initial active 16) (16 cores per cpu, 2 threads per core) family 25 model 97 stepping 2 microcode 0x0, cx8, cmov, fxsr, ht, mmx, 3dnowpref, sse, sse2, sse3, ssse3, sse4a, sse4.1, sse4.2, popcnt, lzcnt, tsc, tscinvbit, avx, avx2, aes, erms, clmul, bmi1, bmi2, adx, avx512f, avx512dq, avx512cd, avx512bw, avx512vl, sha, fma, vzeroupper, avx512_vpopcntdq, avx512_vpclmulqdq, avx512_vaes, avx512_vnni, clflush, clflushopt, avx512_vbmi2, avx512_vbmi, hv, rdtscp, rdpid, fsrm, gfni, avx512_bitalg, f16c, cet_ss, avx512_ifma
Processor Information for all 16 processors :
  Max Mhz: 4201, Current Mhz: 4201, Mhz Limit: 4201

Memory: 4k page, system-wide physical 31962M (10346M free)
TotalPageFile size 34010M (AvailPageFile size 3035M)
current process WorkingSet (physical memory assigned to process): 245M, peak: 382M
current process commit charge ("private bytes"): 501M, peak: 624M

vm_info: OpenJDK 64-Bit Server VM (21.0.4+7-LTS) for windows-amd64 JRE (21.0.4+7-LTS), built on 2024-07-16T00:00:00Z by "admin" with MS VC++ 17.7 (VS2022)

END.
